#
# There is insufficient memory for the Java Runtime Environment to continue.
# Native memory allocation (malloc) failed to allocate 1026736 bytes for Chunk::new
# Possible reasons:
#   The system is out of physical RAM or swap space
#   The process is running with CompressedOops enabled, and the Java Heap may be blocking the growth of the native heap
# Possible solutions:
#   Reduce memory load on the system
#   Increase physical memory or swap space
#   Check if swap backing store is full
#   Decrease Java heap size (-Xmx/-Xms)
#   Decrease number of Java threads
#   Decrease Java thread stack sizes (-Xss)
#   Set larger code cache with -XX:ReservedCodeCacheSize=
#   JVM is running with Unscaled Compressed Oops mode in which the Java heap is
#     placed in the first 4GB address space. The Java Heap base address is the
#     maximum limit for the native heap growth. Please use -XX:HeapBaseMinAddress
#     to set the Java Heap base and to place the Java Heap above 4GB virtual address.
# This output file may be truncated or incomplete.
#
#  Out of Memory Error (./src/hotspot/share/memory/arena.cpp:197), pid=11000, tid=2132
#
# JRE version: OpenJDK Runtime Environment JBR-11.0.11.9-1504.13-jcef (11.0.11+9) (build 11.0.11+9-b1504.13)
# Java VM: OpenJDK 64-Bit Server VM JBR-11.0.11.9-1504.13-jcef (11.0.11+9-b1504.13, mixed mode, tiered, compressed oops, g1 gc, windows-amd64)
# No core dump will be written. Minidumps are not enabled by default on client versions of Windows
#

---------------  S U M M A R Y ------------

Command Line: -Djava.rmi.server.hostname=127.0.0.1 -Duser.timezone=UTC -Xmx947m -Xms128m -Dfile.encoding=UTF-8 com.intellij.database.remote.RemoteJdbcServer com.mysql.cj.jdbc.Driver

Host: AMD Ryzen 5 4500U with Radeon Graphics         , 6 cores, 7G,  Windows 10 , 64 bit Build 19041 (10.0.19041.1202)
Time: Mon Sep 20 12:10:47 2021 GTB Daylight Time elapsed time: 14.209387 seconds (0d 0h 0m 14s)

---------------  T H R E A D  ---------------

Current thread (0x000001e77c7cd800):  JavaThread "C2 CompilerThread1" daemon [_thread_in_native, id=2132, stack(0x00000018f2900000,0x00000018f2a00000)]


Current CompileTask:
C2:  14209 2744   !   4       java.io.ObjectInputStream::readObject0 (671 bytes)

Stack: [0x00000018f2900000,0x00000018f2a00000]
Native frames: (J=compiled Java code, j=interpreted, Vv=VM code, C=native code)
V  [jvm.dll+0x5f5d5a]
V  [jvm.dll+0x7798b5]
V  [jvm.dll+0x77aecd]
V  [jvm.dll+0x77b583]
V  [jvm.dll+0x244978]
V  [jvm.dll+0xbd56c]
V  [jvm.dll+0xbda6c]
V  [jvm.dll+0x2b7934]
V  [jvm.dll+0x50a7cb]
V  [jvm.dll+0x2053f3]
V  [jvm.dll+0x1fef50]
V  [jvm.dll+0x1fc66f]
V  [jvm.dll+0x18626c]
V  [jvm.dll+0x20b187]
V  [jvm.dll+0x2099d1]
V  [jvm.dll+0x74194f]
V  [jvm.dll+0x73a415]
V  [jvm.dll+0x5f4c66]
C  [ucrtbase.dll+0x21bb2]
C  [KERNEL32.DLL+0x17034]
C  [ntdll.dll+0x52651]


---------------  P R O C E S S  ---------------

Threads class SMR info:
_java_thread_list=0x000001e77d1411a0, length=20, elements={
0x000001e7632da000, 0x000001e77b333800, 0x000001e77b335000, 0x000001e77bcd2800,
0x000001e77bcd3800, 0x000001e77bcd5800, 0x000001e77bcd9000, 0x000001e77bcde800,
0x000001e77bcdf800, 0x000001e77be44800, 0x000001e77bf78000, 0x000001e77c16c800,
0x000001e77c1c8800, 0x000001e77c1c9000, 0x000001e77c1ca000, 0x000001e77c228800,
0x000001e77c4d4800, 0x000001e77c5ef000, 0x000001e77d086800, 0x000001e77c7cd800
}

Java Threads: ( => current thread )
  0x000001e7632da000 JavaThread "main" [_thread_blocked, id=7560, stack(0x00000018f1300000,0x00000018f1400000)]
  0x000001e77b333800 JavaThread "Reference Handler" daemon [_thread_blocked, id=3208, stack(0x00000018f1a00000,0x00000018f1b00000)]
  0x000001e77b335000 JavaThread "Finalizer" daemon [_thread_blocked, id=9396, stack(0x00000018f1b00000,0x00000018f1c00000)]
  0x000001e77bcd2800 JavaThread "Signal Dispatcher" daemon [_thread_blocked, id=8692, stack(0x00000018f1c00000,0x00000018f1d00000)]
  0x000001e77bcd3800 JavaThread "Attach Listener" daemon [_thread_blocked, id=2564, stack(0x00000018f1d00000,0x00000018f1e00000)]
  0x000001e77bcd5800 JavaThread "Service Thread" daemon [_thread_blocked, id=9284, stack(0x00000018f1e00000,0x00000018f1f00000)]
  0x000001e77bcd9000 JavaThread "C2 CompilerThread0" daemon [_thread_in_native, id=4476, stack(0x00000018f1f00000,0x00000018f2000000)]
  0x000001e77bcde800 JavaThread "C1 CompilerThread0" daemon [_thread_blocked, id=11676, stack(0x00000018f2000000,0x00000018f2100000)]
  0x000001e77bcdf800 JavaThread "Sweeper thread" daemon [_thread_blocked, id=11660, stack(0x00000018f2100000,0x00000018f2200000)]
  0x000001e77be44800 JavaThread "Common-Cleaner" daemon [_thread_blocked, id=1624, stack(0x00000018f2300000,0x00000018f2400000)]
  0x000001e77bf78000 JavaThread "mysql-cj-abandoned-connection-cleanup" daemon [_thread_blocked, id=7484, stack(0x00000018f2400000,0x00000018f2500000)]
  0x000001e77c16c800 JavaThread "RMI TCP Accept-9299" daemon [_thread_in_native, id=2492, stack(0x00000018f2500000,0x00000018f2600000)]
  0x000001e77c1c8800 JavaThread "RMI TCP Accept-0" daemon [_thread_in_native, id=5184, stack(0x00000018f2600000,0x00000018f2700000)]
  0x000001e77c1c9000 JavaThread "RMI Reaper" [_thread_blocked, id=10044, stack(0x00000018f2700000,0x00000018f2800000)]
  0x000001e77c1ca000 JavaThread "RMI GC Daemon" daemon [_thread_blocked, id=2828, stack(0x00000018f2800000,0x00000018f2900000)]
  0x000001e77c228800 JavaThread "RMI TCP Connection(1)-127.0.0.1" daemon [_thread_in_native, id=5992, stack(0x00000018f2a00000,0x00000018f2b00000)]
  0x000001e77c4d4800 JavaThread "RMI TCP Connection(2)-127.0.0.1" daemon [_thread_in_native, id=6236, stack(0x00000018f2b00000,0x00000018f2c00000)]
  0x000001e77c5ef000 JavaThread "RMI Scheduler(0)" daemon [_thread_blocked, id=7292, stack(0x00000018f2c00000,0x00000018f2d00000)]
  0x000001e77d086800 JavaThread "RMI TCP Connection(3)-127.0.0.1" daemon [_thread_in_native, id=11852, stack(0x00000018f3200000,0x00000018f3300000)]
=>0x000001e77c7cd800 JavaThread "C2 CompilerThread1" daemon [_thread_in_native, id=2132, stack(0x00000018f2900000,0x00000018f2a00000)]

Other Threads:
  0x000001e77b311000 VMThread "VM Thread" [stack: 0x00000018f1900000,0x00000018f1a00000] [id=9672]
  0x000001e77be08000 WatcherThread [stack: 0x00000018f2200000,0x00000018f2300000] [id=964]
  0x000001e7632f1800 GCTaskThread "GC Thread#0" [stack: 0x00000018f1400000,0x00000018f1500000] [id=7480]
  0x000001e77c4f9800 GCTaskThread "GC Thread#1" [stack: 0x00000018f2d00000,0x00000018f2e00000] [id=7928]
  0x000001e77c56f000 GCTaskThread "GC Thread#2" [stack: 0x00000018f2e00000,0x00000018f2f00000] [id=4612]
  0x000001e77c702000 GCTaskThread "GC Thread#3" [stack: 0x00000018f2f00000,0x00000018f3000000] [id=5760]
  0x000001e77d07b800 GCTaskThread "GC Thread#4" [stack: 0x00000018f3300000,0x00000018f3400000] [id=4124]
  0x000001e77d5fc800 GCTaskThread "GC Thread#5" [stack: 0x00000018f3400000,0x00000018f3500000] [id=3256]
  0x000001e76330d800 ConcurrentGCThread "G1 Main Marker" [stack: 0x00000018f1500000,0x00000018f1600000] [id=6380]
  0x000001e76330f800 ConcurrentGCThread "G1 Conc#0" [stack: 0x00000018f1600000,0x00000018f1700000] [id=10136]
  0x000001e77d249000 ConcurrentGCThread "G1 Conc#1" [stack: 0x00000018f3100000,0x00000018f3200000] [id=9496]
  0x000001e7633be800 ConcurrentGCThread "G1 Refine#0" [stack: 0x00000018f1700000,0x00000018f1800000] [id=10268]
  0x000001e77cf30800 ConcurrentGCThread "G1 Refine#1" [stack: 0x00000018f3000000,0x00000018f3100000] [id=9260]
  0x000001e77b17a800 ConcurrentGCThread "G1 Young RemSet Sampling" [stack: 0x00000018f1800000,0x00000018f1900000] [id=10328]

Threads with active compile tasks:
C2 CompilerThread0  14236 2645   !   4       java.io.ObjectOutputStream::writeObject0 (619 bytes)
C2 CompilerThread1  14236 2744   !   4       java.io.ObjectInputStream::readObject0 (671 bytes)

VM state:not at safepoint (normal execution)

VM Mutex/Monitor currently owned by a thread: None

Heap address: 0x00000000c4c00000, size: 948 MB, Compressed Oops mode: 32-bit
Narrow klass base: 0x0000000000000000, Narrow klass shift: 3
Compressed class space size: 1073741824 Address: 0x0000000100000000

Heap:
 garbage-first heap   total 131072K, used 28427K [0x00000000c4c00000, 0x0000000100000000)
  region size 1024K, 23 young (23552K), 2 survivors (2048K)
 Metaspace       used 22213K, capacity 22918K, committed 23088K, reserved 1069056K
  class space    used 2299K, capacity 2565K, committed 2688K, reserved 1048576K
Heap Regions: E=young(eden), S=young(survivor), O=old, HS=humongous(starts), HC=humongous(continues), CS=collection set, F=free, A=archive, TAMS=top-at-mark-start (previous, next)
|   0|0x00000000c4c00000, 0x00000000c4d00000, 0x00000000c4d00000|100%|HS|  |TAMS 0x00000000c4d00000, 0x00000000c4c00000| Complete 
|   1|0x00000000c4d00000, 0x00000000c4e00000, 0x00000000c4e00000|100%| O|  |TAMS 0x00000000c4e00000, 0x00000000c4d00000| Untracked 
|   2|0x00000000c4e00000, 0x00000000c4f00000, 0x00000000c4f00000|100%| O|  |TAMS 0x00000000c4f00000, 0x00000000c4e00000| Untracked 
|   3|0x00000000c4f00000, 0x00000000c5000000, 0x00000000c5000000|100%| O|  |TAMS 0x00000000c5000000, 0x00000000c4f00000| Untracked 
|   4|0x00000000c5000000, 0x00000000c5100000, 0x00000000c5100000|100%| O|  |TAMS 0x00000000c5100000, 0x00000000c5000000| Untracked 
|   5|0x00000000c5100000, 0x00000000c51df200, 0x00000000c5200000| 87%| O|  |TAMS 0x00000000c51df200, 0x00000000c5100000| Untracked 
|   6|0x00000000c5200000, 0x00000000c5200000, 0x00000000c5300000|  0%| F|  |TAMS 0x00000000c5200000, 0x00000000c5200000| Untracked 
|   7|0x00000000c5300000, 0x00000000c5300000, 0x00000000c5400000|  0%| F|  |TAMS 0x00000000c5300000, 0x00000000c5300000| Untracked 
|   8|0x00000000c5400000, 0x00000000c5400000, 0x00000000c5500000|  0%| F|  |TAMS 0x00000000c5400000, 0x00000000c5400000| Untracked 
|   9|0x00000000c5500000, 0x00000000c5500000, 0x00000000c5600000|  0%| F|  |TAMS 0x00000000c5500000, 0x00000000c5500000| Untracked 
|  10|0x00000000c5600000, 0x00000000c5600000, 0x00000000c5700000|  0%| F|  |TAMS 0x00000000c5600000, 0x00000000c5600000| Untracked 
|  11|0x00000000c5700000, 0x00000000c5700000, 0x00000000c5800000|  0%| F|  |TAMS 0x00000000c5700000, 0x00000000c5700000| Untracked 
|  12|0x00000000c5800000, 0x00000000c5800000, 0x00000000c5900000|  0%| F|  |TAMS 0x00000000c5800000, 0x00000000c5800000| Untracked 
|  13|0x00000000c5900000, 0x00000000c5900000, 0x00000000c5a00000|  0%| F|  |TAMS 0x00000000c5900000, 0x00000000c5900000| Untracked 
|  14|0x00000000c5a00000, 0x00000000c5a00000, 0x00000000c5b00000|  0%| F|  |TAMS 0x00000000c5a00000, 0x00000000c5a00000| Untracked 
|  15|0x00000000c5b00000, 0x00000000c5b00000, 0x00000000c5c00000|  0%| F|  |TAMS 0x00000000c5b00000, 0x00000000c5b00000| Untracked 
|  16|0x00000000c5c00000, 0x00000000c5c00000, 0x00000000c5d00000|  0%| F|  |TAMS 0x00000000c5c00000, 0x00000000c5c00000| Untracked 
|  17|0x00000000c5d00000, 0x00000000c5d00000, 0x00000000c5e00000|  0%| F|  |TAMS 0x00000000c5d00000, 0x00000000c5d00000| Untracked 
|  18|0x00000000c5e00000, 0x00000000c5e00000, 0x00000000c5f00000|  0%| F|  |TAMS 0x00000000c5e00000, 0x00000000c5e00000| Untracked 
|  19|0x00000000c5f00000, 0x00000000c5f00000, 0x00000000c6000000|  0%| F|  |TAMS 0x00000000c5f00000, 0x00000000c5f00000| Untracked 
|  20|0x00000000c6000000, 0x00000000c6000000, 0x00000000c6100000|  0%| F|  |TAMS 0x00000000c6000000, 0x00000000c6000000| Untracked 
|  21|0x00000000c6100000, 0x00000000c6100000, 0x00000000c6200000|  0%| F|  |TAMS 0x00000000c6100000, 0x00000000c6100000| Untracked 
|  22|0x00000000c6200000, 0x00000000c6200000, 0x00000000c6300000|  0%| F|  |TAMS 0x00000000c6200000, 0x00000000c6200000| Untracked 
|  23|0x00000000c6300000, 0x00000000c6300000, 0x00000000c6400000|  0%| F|  |TAMS 0x00000000c6300000, 0x00000000c6300000| Untracked 
|  24|0x00000000c6400000, 0x00000000c6400000, 0x00000000c6500000|  0%| F|  |TAMS 0x00000000c6400000, 0x00000000c6400000| Untracked 
|  25|0x00000000c6500000, 0x00000000c6500000, 0x00000000c6600000|  0%| F|  |TAMS 0x00000000c6500000, 0x00000000c6500000| Untracked 
|  26|0x00000000c6600000, 0x00000000c6600000, 0x00000000c6700000|  0%| F|  |TAMS 0x00000000c6600000, 0x00000000c6600000| Untracked 
|  27|0x00000000c6700000, 0x00000000c6700000, 0x00000000c6800000|  0%| F|  |TAMS 0x00000000c6700000, 0x00000000c6700000| Untracked 
|  28|0x00000000c6800000, 0x00000000c6800000, 0x00000000c6900000|  0%| F|  |TAMS 0x00000000c6800000, 0x00000000c6800000| Untracked 
|  29|0x00000000c6900000, 0x00000000c6900000, 0x00000000c6a00000|  0%| F|  |TAMS 0x00000000c6900000, 0x00000000c6900000| Untracked 
|  30|0x00000000c6a00000, 0x00000000c6a00000, 0x00000000c6b00000|  0%| F|  |TAMS 0x00000000c6a00000, 0x00000000c6a00000| Untracked 
|  31|0x00000000c6b00000, 0x00000000c6b00000, 0x00000000c6c00000|  0%| F|  |TAMS 0x00000000c6b00000, 0x00000000c6b00000| Untracked 
|  32|0x00000000c6c00000, 0x00000000c6c00000, 0x00000000c6d00000|  0%| F|  |TAMS 0x00000000c6c00000, 0x00000000c6c00000| Untracked 
|  33|0x00000000c6d00000, 0x00000000c6d00000, 0x00000000c6e00000|  0%| F|  |TAMS 0x00000000c6d00000, 0x00000000c6d00000| Untracked 
|  34|0x00000000c6e00000, 0x00000000c6e00000, 0x00000000c6f00000|  0%| F|  |TAMS 0x00000000c6e00000, 0x00000000c6e00000| Untracked 
|  35|0x00000000c6f00000, 0x00000000c6f00000, 0x00000000c7000000|  0%| F|  |TAMS 0x00000000c6f00000, 0x00000000c6f00000| Untracked 
|  36|0x00000000c7000000, 0x00000000c7000000, 0x00000000c7100000|  0%| F|  |TAMS 0x00000000c7000000, 0x00000000c7000000| Untracked 
|  37|0x00000000c7100000, 0x00000000c7100000, 0x00000000c7200000|  0%| F|  |TAMS 0x00000000c7100000, 0x00000000c7100000| Untracked 
|  38|0x00000000c7200000, 0x00000000c7200000, 0x00000000c7300000|  0%| F|  |TAMS 0x00000000c7200000, 0x00000000c7200000| Untracked 
|  39|0x00000000c7300000, 0x00000000c7300000, 0x00000000c7400000|  0%| F|  |TAMS 0x00000000c7300000, 0x00000000c7300000| Untracked 
|  40|0x00000000c7400000, 0x00000000c7400000, 0x00000000c7500000|  0%| F|  |TAMS 0x00000000c7400000, 0x00000000c7400000| Untracked 
|  41|0x00000000c7500000, 0x00000000c7500000, 0x00000000c7600000|  0%| F|  |TAMS 0x00000000c7500000, 0x00000000c7500000| Untracked 
|  42|0x00000000c7600000, 0x00000000c7600000, 0x00000000c7700000|  0%| F|  |TAMS 0x00000000c7600000, 0x00000000c7600000| Untracked 
|  43|0x00000000c7700000, 0x00000000c7700000, 0x00000000c7800000|  0%| F|  |TAMS 0x00000000c7700000, 0x00000000c7700000| Untracked 
|  44|0x00000000c7800000, 0x00000000c7800000, 0x00000000c7900000|  0%| F|  |TAMS 0x00000000c7800000, 0x00000000c7800000| Untracked 
|  45|0x00000000c7900000, 0x00000000c7900000, 0x00000000c7a00000|  0%| F|  |TAMS 0x00000000c7900000, 0x00000000c7900000| Untracked 
|  46|0x00000000c7a00000, 0x00000000c7a00000, 0x00000000c7b00000|  0%| F|  |TAMS 0x00000000c7a00000, 0x00000000c7a00000| Untracked 
|  47|0x00000000c7b00000, 0x00000000c7b00000, 0x00000000c7c00000|  0%| F|  |TAMS 0x00000000c7b00000, 0x00000000c7b00000| Untracked 
|  48|0x00000000c7c00000, 0x00000000c7c00000, 0x00000000c7d00000|  0%| F|  |TAMS 0x00000000c7c00000, 0x00000000c7c00000| Untracked 
|  49|0x00000000c7d00000, 0x00000000c7d00000, 0x00000000c7e00000|  0%| F|  |TAMS 0x00000000c7d00000, 0x00000000c7d00000| Untracked 
|  50|0x00000000c7e00000, 0x00000000c7e00000, 0x00000000c7f00000|  0%| F|  |TAMS 0x00000000c7e00000, 0x00000000c7e00000| Untracked 
|  51|0x00000000c7f00000, 0x00000000c7f00000, 0x00000000c8000000|  0%| F|  |TAMS 0x00000000c7f00000, 0x00000000c7f00000| Untracked 
|  52|0x00000000c8000000, 0x00000000c8000000, 0x00000000c8100000|  0%| F|  |TAMS 0x00000000c8000000, 0x00000000c8000000| Untracked 
|  53|0x00000000c8100000, 0x00000000c8100000, 0x00000000c8200000|  0%| F|  |TAMS 0x00000000c8100000, 0x00000000c8100000| Untracked 
|  54|0x00000000c8200000, 0x00000000c8200000, 0x00000000c8300000|  0%| F|  |TAMS 0x00000000c8200000, 0x00000000c8200000| Untracked 
|  55|0x00000000c8300000, 0x00000000c8300000, 0x00000000c8400000|  0%| F|  |TAMS 0x00000000c8300000, 0x00000000c8300000| Untracked 
|  56|0x00000000c8400000, 0x00000000c8400000, 0x00000000c8500000|  0%| F|  |TAMS 0x00000000c8400000, 0x00000000c8400000| Untracked 
|  57|0x00000000c8500000, 0x00000000c8500000, 0x00000000c8600000|  0%| F|  |TAMS 0x00000000c8500000, 0x00000000c8500000| Untracked 
|  58|0x00000000c8600000, 0x00000000c8600000, 0x00000000c8700000|  0%| F|  |TAMS 0x00000000c8600000, 0x00000000c8600000| Untracked 
|  59|0x00000000c8700000, 0x00000000c8700000, 0x00000000c8800000|  0%| F|  |TAMS 0x00000000c8700000, 0x00000000c8700000| Untracked 
|  60|0x00000000c8800000, 0x00000000c8800000, 0x00000000c8900000|  0%| F|  |TAMS 0x00000000c8800000, 0x00000000c8800000| Untracked 
|  61|0x00000000c8900000, 0x00000000c8900000, 0x00000000c8a00000|  0%| F|  |TAMS 0x00000000c8900000, 0x00000000c8900000| Untracked 
|  62|0x00000000c8a00000, 0x00000000c8a00000, 0x00000000c8b00000|  0%| F|  |TAMS 0x00000000c8a00000, 0x00000000c8a00000| Untracked 
|  63|0x00000000c8b00000, 0x00000000c8b00000, 0x00000000c8c00000|  0%| F|  |TAMS 0x00000000c8b00000, 0x00000000c8b00000| Untracked 
|  64|0x00000000c8c00000, 0x00000000c8c00000, 0x00000000c8d00000|  0%| F|  |TAMS 0x00000000c8c00000, 0x00000000c8c00000| Untracked 
|  65|0x00000000c8d00000, 0x00000000c8d00000, 0x00000000c8e00000|  0%| F|  |TAMS 0x00000000c8d00000, 0x00000000c8d00000| Untracked 
|  66|0x00000000c8e00000, 0x00000000c8e00000, 0x00000000c8f00000|  0%| F|  |TAMS 0x00000000c8e00000, 0x00000000c8e00000| Untracked 
|  67|0x00000000c8f00000, 0x00000000c8f00000, 0x00000000c9000000|  0%| F|  |TAMS 0x00000000c8f00000, 0x00000000c8f00000| Untracked 
|  68|0x00000000c9000000, 0x00000000c9000000, 0x00000000c9100000|  0%| F|  |TAMS 0x00000000c9000000, 0x00000000c9000000| Untracked 
|  69|0x00000000c9100000, 0x00000000c9100000, 0x00000000c9200000|  0%| F|  |TAMS 0x00000000c9100000, 0x00000000c9100000| Untracked 
|  70|0x00000000c9200000, 0x00000000c9200000, 0x00000000c9300000|  0%| F|  |TAMS 0x00000000c9200000, 0x00000000c9200000| Untracked 
|  71|0x00000000c9300000, 0x00000000c9300000, 0x00000000c9400000|  0%| F|  |TAMS 0x00000000c9300000, 0x00000000c9300000| Untracked 
|  72|0x00000000c9400000, 0x00000000c9400000, 0x00000000c9500000|  0%| F|  |TAMS 0x00000000c9400000, 0x00000000c9400000| Untracked 
|  73|0x00000000c9500000, 0x00000000c9500000, 0x00000000c9600000|  0%| F|  |TAMS 0x00000000c9500000, 0x00000000c9500000| Untracked 
|  74|0x00000000c9600000, 0x00000000c96e3b10, 0x00000000c9700000| 88%| S|CS|TAMS 0x00000000c9600000, 0x00000000c9600000| Complete 
|  75|0x00000000c9700000, 0x00000000c9800000, 0x00000000c9800000|100%| S|CS|TAMS 0x00000000c9700000, 0x00000000c9700000| Complete 
|  76|0x00000000c9800000, 0x00000000c9800000, 0x00000000c9900000|  0%| F|  |TAMS 0x00000000c9800000, 0x00000000c9800000| Untracked 
|  77|0x00000000c9900000, 0x00000000c9900000, 0x00000000c9a00000|  0%| F|  |TAMS 0x00000000c9900000, 0x00000000c9900000| Untracked 
|  78|0x00000000c9a00000, 0x00000000c9a00000, 0x00000000c9b00000|  0%| F|  |TAMS 0x00000000c9a00000, 0x00000000c9a00000| Untracked 
|  79|0x00000000c9b00000, 0x00000000c9b00000, 0x00000000c9c00000|  0%| F|  |TAMS 0x00000000c9b00000, 0x00000000c9b00000| Untracked 
|  80|0x00000000c9c00000, 0x00000000c9c00000, 0x00000000c9d00000|  0%| F|  |TAMS 0x00000000c9c00000, 0x00000000c9c00000| Untracked 
|  81|0x00000000c9d00000, 0x00000000c9d00000, 0x00000000c9e00000|  0%| F|  |TAMS 0x00000000c9d00000, 0x00000000c9d00000| Untracked 
|  82|0x00000000c9e00000, 0x00000000c9e00000, 0x00000000c9f00000|  0%| F|  |TAMS 0x00000000c9e00000, 0x00000000c9e00000| Untracked 
|  83|0x00000000c9f00000, 0x00000000c9f00000, 0x00000000ca000000|  0%| F|  |TAMS 0x00000000c9f00000, 0x00000000c9f00000| Untracked 
|  84|0x00000000ca000000, 0x00000000ca000000, 0x00000000ca100000|  0%| F|  |TAMS 0x00000000ca000000, 0x00000000ca000000| Untracked 
|  85|0x00000000ca100000, 0x00000000ca100000, 0x00000000ca200000|  0%| F|  |TAMS 0x00000000ca100000, 0x00000000ca100000| Untracked 
|  86|0x00000000ca200000, 0x00000000ca200000, 0x00000000ca300000|  0%| F|  |TAMS 0x00000000ca200000, 0x00000000ca200000| Untracked 
|  87|0x00000000ca300000, 0x00000000ca300000, 0x00000000ca400000|  0%| F|  |TAMS 0x00000000ca300000, 0x00000000ca300000| Untracked 
|  88|0x00000000ca400000, 0x00000000ca400000, 0x00000000ca500000|  0%| F|  |TAMS 0x00000000ca400000, 0x00000000ca400000| Untracked 
|  89|0x00000000ca500000, 0x00000000ca500000, 0x00000000ca600000|  0%| F|  |TAMS 0x00000000ca500000, 0x00000000ca500000| Untracked 
|  90|0x00000000ca600000, 0x00000000ca600000, 0x00000000ca700000|  0%| F|  |TAMS 0x00000000ca600000, 0x00000000ca600000| Untracked 
|  91|0x00000000ca700000, 0x00000000ca700000, 0x00000000ca800000|  0%| F|  |TAMS 0x00000000ca700000, 0x00000000ca700000| Untracked 
|  92|0x00000000ca800000, 0x00000000ca800000, 0x00000000ca900000|  0%| F|  |TAMS 0x00000000ca800000, 0x00000000ca800000| Untracked 
|  93|0x00000000ca900000, 0x00000000ca900000, 0x00000000caa00000|  0%| F|  |TAMS 0x00000000ca900000, 0x00000000ca900000| Untracked 
|  94|0x00000000caa00000, 0x00000000caa00000, 0x00000000cab00000|  0%| F|  |TAMS 0x00000000caa00000, 0x00000000caa00000| Untracked 
|  95|0x00000000cab00000, 0x00000000cab00000, 0x00000000cac00000|  0%| F|  |TAMS 0x00000000cab00000, 0x00000000cab00000| Untracked 
|  96|0x00000000cac00000, 0x00000000cac00000, 0x00000000cad00000|  0%| F|  |TAMS 0x00000000cac00000, 0x00000000cac00000| Untracked 
|  97|0x00000000cad00000, 0x00000000cad00000, 0x00000000cae00000|  0%| F|  |TAMS 0x00000000cad00000, 0x00000000cad00000| Untracked 
|  98|0x00000000cae00000, 0x00000000cae00000, 0x00000000caf00000|  0%| F|  |TAMS 0x00000000cae00000, 0x00000000cae00000| Untracked 
|  99|0x00000000caf00000, 0x00000000caf00000, 0x00000000cb000000|  0%| F|  |TAMS 0x00000000caf00000, 0x00000000caf00000| Untracked 
| 100|0x00000000cb000000, 0x00000000cb000000, 0x00000000cb100000|  0%| F|  |TAMS 0x00000000cb000000, 0x00000000cb000000| Untracked 
| 101|0x00000000cb100000, 0x00000000cb100000, 0x00000000cb200000|  0%| F|  |TAMS 0x00000000cb100000, 0x00000000cb100000| Untracked 
| 102|0x00000000cb200000, 0x00000000cb200000, 0x00000000cb300000|  0%| F|  |TAMS 0x00000000cb200000, 0x00000000cb200000| Untracked 
| 103|0x00000000cb300000, 0x00000000cb300000, 0x00000000cb400000|  0%| F|  |TAMS 0x00000000cb300000, 0x00000000cb300000| Untracked 
| 104|0x00000000cb400000, 0x00000000cb400000, 0x00000000cb500000|  0%| F|  |TAMS 0x00000000cb400000, 0x00000000cb400000| Untracked 
| 105|0x00000000cb500000, 0x00000000cb500000, 0x00000000cb600000|  0%| F|  |TAMS 0x00000000cb500000, 0x00000000cb500000| Untracked 
| 106|0x00000000cb600000, 0x00000000cb600000, 0x00000000cb700000|  0%| F|  |TAMS 0x00000000cb600000, 0x00000000cb600000| Untracked 
| 107|0x00000000cb700000, 0x00000000cb76c9f8, 0x00000000cb800000| 42%| E|  |TAMS 0x00000000cb700000, 0x00000000cb700000| Complete 
| 108|0x00000000cb800000, 0x00000000cb900000, 0x00000000cb900000|100%| E|CS|TAMS 0x00000000cb800000, 0x00000000cb800000| Complete 
| 109|0x00000000cb900000, 0x00000000cba00000, 0x00000000cba00000|100%| E|CS|TAMS 0x00000000cb900000, 0x00000000cb900000| Complete 
| 110|0x00000000cba00000, 0x00000000cbb00000, 0x00000000cbb00000|100%| E|CS|TAMS 0x00000000cba00000, 0x00000000cba00000| Complete 
| 111|0x00000000cbb00000, 0x00000000cbc00000, 0x00000000cbc00000|100%| E|CS|TAMS 0x00000000cbb00000, 0x00000000cbb00000| Complete 
| 112|0x00000000cbc00000, 0x00000000cbd00000, 0x00000000cbd00000|100%| E|CS|TAMS 0x00000000cbc00000, 0x00000000cbc00000| Complete 
| 113|0x00000000cbd00000, 0x00000000cbe00000, 0x00000000cbe00000|100%| E|CS|TAMS 0x00000000cbd00000, 0x00000000cbd00000| Complete 
| 114|0x00000000cbe00000, 0x00000000cbf00000, 0x00000000cbf00000|100%| E|CS|TAMS 0x00000000cbe00000, 0x00000000cbe00000| Complete 
| 115|0x00000000cbf00000, 0x00000000cc000000, 0x00000000cc000000|100%| E|CS|TAMS 0x00000000cbf00000, 0x00000000cbf00000| Complete 
| 116|0x00000000cc000000, 0x00000000cc100000, 0x00000000cc100000|100%| E|CS|TAMS 0x00000000cc000000, 0x00000000cc000000| Complete 
| 117|0x00000000cc100000, 0x00000000cc200000, 0x00000000cc200000|100%| E|CS|TAMS 0x00000000cc100000, 0x00000000cc100000| Complete 
| 118|0x00000000cc200000, 0x00000000cc300000, 0x00000000cc300000|100%| E|CS|TAMS 0x00000000cc200000, 0x00000000cc200000| Complete 
| 119|0x00000000cc300000, 0x00000000cc400000, 0x00000000cc400000|100%| E|CS|TAMS 0x00000000cc300000, 0x00000000cc300000| Complete 
| 120|0x00000000cc400000, 0x00000000cc500000, 0x00000000cc500000|100%| E|CS|TAMS 0x00000000cc400000, 0x00000000cc400000| Complete 
| 121|0x00000000cc500000, 0x00000000cc600000, 0x00000000cc600000|100%| E|CS|TAMS 0x00000000cc500000, 0x00000000cc500000| Complete 
| 122|0x00000000cc600000, 0x00000000cc700000, 0x00000000cc700000|100%| E|CS|TAMS 0x00000000cc600000, 0x00000000cc600000| Complete 
| 123|0x00000000cc700000, 0x00000000cc800000, 0x00000000cc800000|100%| E|CS|TAMS 0x00000000cc700000, 0x00000000cc700000| Complete 
| 124|0x00000000cc800000, 0x00000000cc900000, 0x00000000cc900000|100%| E|CS|TAMS 0x00000000cc800000, 0x00000000cc800000| Complete 
| 125|0x00000000cc900000, 0x00000000cca00000, 0x00000000cca00000|100%| E|CS|TAMS 0x00000000cc900000, 0x00000000cc900000| Complete 
| 126|0x00000000cca00000, 0x00000000ccb00000, 0x00000000ccb00000|100%| E|CS|TAMS 0x00000000cca00000, 0x00000000cca00000| Complete 
| 127|0x00000000ccb00000, 0x00000000ccc00000, 0x00000000ccc00000|100%| E|CS|TAMS 0x00000000ccb00000, 0x00000000ccb00000| Complete 

Card table byte_map: [0x000001e776960000,0x000001e776b40000] _byte_map_base: 0x000001e77633a000

Marking Bits (Prev, Next): (CMBitMap*) 0x000001e763308e20, (CMBitMap*) 0x000001e763308de8
 Prev Bits: [0x000001e777bf0000, 0x000001e778ac0000)
 Next Bits: [0x000001e776d20000, 0x000001e777bf0000)

Polling page: 0x000001e766f10000

Metaspace:

Usage:
  Non-class:     19.88 MB capacity,    19.45 MB ( 98%) used,   370.03 KB (  2%) free+waste,    69.25 KB ( <1%) overhead. 
      Class:      2.50 MB capacity,     2.25 MB ( 90%) used,   232.19 KB (  9%) free+waste,    32.94 KB (  1%) overhead. 
       Both:     22.38 MB capacity,    21.69 MB ( 97%) used,   602.22 KB (  3%) free+waste,   102.19 KB ( <1%) overhead. 

Virtual space:
  Non-class space:       20.00 MB reserved,      19.92 MB (>99%) committed 
      Class space:        1.00 GB reserved,       2.63 MB ( <1%) committed 
             Both:        1.02 GB reserved,      22.55 MB (  2%) committed 

Chunk freelists:
   Non-Class:  3.00 KB
       Class:  0 bytes
        Both:  3.00 KB

MaxMetaspaceSize: 17179869184.00 GB
CompressedClassSpaceSize: 1.00 GB

CodeHeap 'non-profiled nmethods': size=120064Kb used=1061Kb max_used=1061Kb free=119002Kb
 bounds [0x000001e76e9f0000, 0x000001e76ec60000, 0x000001e775f30000]
CodeHeap 'profiled nmethods': size=120000Kb used=6101Kb max_used=6101Kb free=113898Kb
 bounds [0x000001e7674c0000, 0x000001e767ac0000, 0x000001e76e9f0000]
CodeHeap 'non-nmethods': size=5696Kb used=1166Kb max_used=1193Kb free=4529Kb
 bounds [0x000001e766f30000, 0x000001e7671a0000, 0x000001e7674c0000]
 total_blobs=3324 nmethods=2806 adapters=429
 compilation: enabled
              stopped_count=0, restarted_count=0
 full_count=0

Compilation events (20 events):
Event: 14.191 Thread 0x000001e77bcde800 2787   !   3       sun.rmi.transport.DGCImpl::unregisterTarget (52 bytes)
Event: 14.191 Thread 0x000001e77bcde800 nmethod 2787 0x000001e767aa6190 code [0x000001e767aa6380, 0x000001e767aa68d8]
Event: 14.197 Thread 0x000001e77bcde800 2788  s    3       sun.rmi.transport.WeakRef::unpin (43 bytes)
Event: 14.197 Thread 0x000001e77bcde800 nmethod 2788 0x000001e767aa6b10 code [0x000001e767aa6d00, 0x000001e767aa72f8]
Event: 14.197 Thread 0x000001e77bcde800 2789       3       java.util.concurrent.ConcurrentHashMap$CollectionView::<init> (10 bytes)
Event: 14.197 Thread 0x000001e77bcde800 nmethod 2789 0x000001e767aa7510 code [0x000001e767aa76c0, 0x000001e767aa7878]
Event: 14.203 Thread 0x000001e77bcde800 2790       3       java.util.concurrent.ConcurrentHashMap::keySet (26 bytes)
Event: 14.203 Thread 0x000001e77bcde800 nmethod 2790 0x000001e767aa7910 code [0x000001e767aa7ae0, 0x000001e767aa7e58]
Event: 14.203 Thread 0x000001e77bcde800 2791       3       java.util.concurrent.ConcurrentHashMap$KeySetView::iterator (34 bytes)
Event: 14.203 Thread 0x000001e77bcde800 nmethod 2791 0x000001e767aa7f90 code [0x000001e767aa8180, 0x000001e767aa8518]
Event: 14.203 Thread 0x000001e77bcde800 2792       3       java.util.concurrent.ConcurrentHashMap$KeyIterator::<init> (12 bytes)
Event: 14.203 Thread 0x000001e77bcde800 nmethod 2792 0x000001e767aa8710 code [0x000001e767aa88e0, 0x000001e767aa8b18]
Event: 14.204 Thread 0x000001e77bcde800 2793       3       java.util.concurrent.ConcurrentHashMap::mappingCount (17 bytes)
Event: 14.204 Thread 0x000001e77bcde800 nmethod 2793 0x000001e767aa8c10 code [0x000001e767aa8dc0, 0x000001e767aa8f48]
Event: 14.205 Thread 0x000001e77bcde800 2794  s    3       com.intellij.execution.rmi.RemoteObject::unexportChildren (65 bytes)
Event: 14.205 Thread 0x000001e77bcde800 nmethod 2794 0x000001e767aa9010 code [0x000001e767aa9260, 0x000001e767aa9c68]
Event: 14.205 Thread 0x000001e77bcde800 2796   !   3       java.util.concurrent.ConcurrentHashMap::clear (176 bytes)
Event: 14.206 Thread 0x000001e77bcde800 nmethod 2796 0x000001e767aa9f90 code [0x000001e767aaa220, 0x000001e767aab1d8]
Event: 14.206 Thread 0x000001e77bcde800 2795       3       java.util.concurrent.ConcurrentHashMap::keySet (5 bytes)
Event: 14.206 Thread 0x000001e77bcde800 nmethod 2795 0x000001e767aab710 code [0x000001e767aab8e0, 0x000001e767aabcd8]

GC Heap History (8 events):
Event: 0.893 GC heap before
{Heap before GC invocations=0 (full 0):
 garbage-first heap   total 131072K, used 22528K [0x00000000c4c00000, 0x0000000100000000)
  region size 1024K, 22 young (22528K), 0 survivors (0K)
 Metaspace       used 15062K, capacity 15559K, committed 15744K, reserved 1062912K
  class space    used 1584K, capacity 1804K, committed 1920K, reserved 1048576K
}
Event: 0.900 GC heap after
{Heap after GC invocations=1 (full 0):
 garbage-first heap   total 131072K, used 5854K [0x00000000c4c00000, 0x0000000100000000)
  region size 1024K, 3 young (3072K), 3 survivors (3072K)
 Metaspace       used 15062K, capacity 15559K, committed 15744K, reserved 1062912K
  class space    used 1584K, capacity 1804K, committed 1920K, reserved 1048576K
}
Event: 1.036 GC heap before
{Heap before GC invocations=1 (full 0):
 garbage-first heap   total 131072K, used 11998K [0x00000000c4c00000, 0x0000000100000000)
  region size 1024K, 9 young (9216K), 3 survivors (3072K)
 Metaspace       used 17781K, capacity 18352K, committed 18688K, reserved 1064960K
  class space    used 1945K, capacity 2181K, committed 2304K, reserved 1048576K
}
Event: 1.039 GC heap after
{Heap after GC invocations=2 (full 0):
 garbage-first heap   total 131072K, used 6562K [0x00000000c4c00000, 0x0000000100000000)
  region size 1024K, 1 young (1024K), 1 survivors (1024K)
 Metaspace       used 17781K, capacity 18352K, committed 18688K, reserved 1064960K
  class space    used 1945K, capacity 2181K, committed 2304K, reserved 1048576K
}
Event: 1.305 GC heap before
{Heap before GC invocations=2 (full 0):
 garbage-first heap   total 131072K, used 13730K [0x00000000c4c00000, 0x0000000100000000)
  region size 1024K, 9 young (9216K), 1 survivors (1024K)
 Metaspace       used 20688K, capacity 21212K, committed 21296K, reserved 1069056K
  class space    used 2199K, capacity 2420K, committed 2432K, reserved 1048576K
}
Event: 1.308 GC heap after
{Heap after GC invocations=3 (full 0):
 garbage-first heap   total 131072K, used 7464K [0x00000000c4c00000, 0x0000000100000000)
  region size 1024K, 2 young (2048K), 2 survivors (2048K)
 Metaspace       used 20688K, capacity 21212K, committed 21296K, reserved 1069056K
  class space    used 2199K, capacity 2420K, committed 2432K, reserved 1048576K
}
Event: 13.936 GC heap before
{Heap before GC invocations=4 (full 0):
 garbage-first heap   total 131072K, used 58664K [0x00000000c4c00000, 0x0000000100000000)
  region size 1024K, 52 young (53248K), 2 survivors (2048K)
 Metaspace       used 22084K, capacity 22848K, committed 23088K, reserved 1069056K
  class space    used 2298K, capacity 2564K, committed 2688K, reserved 1048576K
}
Event: 13.952 GC heap after
{Heap after GC invocations=5 (full 0):
 garbage-first heap   total 131072K, used 7947K [0x00000000c4c00000, 0x0000000100000000)
  region size 1024K, 2 young (2048K), 2 survivors (2048K)
 Metaspace       used 22084K, capacity 22848K, committed 23088K, reserved 1069056K
  class space    used 2298K, capacity 2564K, committed 2688K, reserved 1048576K
}

Deoptimization events (20 events):
Event: 12.571 Thread 0x000001e77d086800 DEOPT PACKING pc=0x000001e76eaa884c sp=0x00000018f32faaa0
Event: 12.571 Thread 0x000001e77d086800 DEOPT UNPACKING pc=0x000001e766f5662f sp=0x00000018f32faa40 mode 2
Event: 12.571 Thread 0x000001e77d086800 Uncommon trap: trap_request=0xffffffc6 fr.pc=0x000001e76ea6ec38 relative=0x00000000000003d8
Event: 12.571 Thread 0x000001e77d086800 Uncommon trap: reason=bimorphic_or_optimized_type_check action=maybe_recompile pc=0x000001e76ea6ec38 method=java.util.regex.Pattern$SliceI.match(Ljava/util/regex/Matcher;ILjava/lang/CharSequence;)Z @ 92 c2
Event: 12.571 Thread 0x000001e77d086800 DEOPT PACKING pc=0x000001e76ea6ec38 sp=0x00000018f32faa50
Event: 12.571 Thread 0x000001e77d086800 DEOPT UNPACKING pc=0x000001e766f5662f sp=0x00000018f32fa9f8 mode 2
Event: 12.629 Thread 0x000001e77d086800 DEOPT PACKING pc=0x000001e7678c1ab8 sp=0x00000018f32fa0c0
Event: 12.629 Thread 0x000001e77d086800 DEOPT UNPACKING pc=0x000001e766f56dde sp=0x00000018f32f95a0 mode 0
Event: 12.638 Thread 0x000001e77d086800 DEOPT PACKING pc=0x000001e7677f48da sp=0x00000018f32fb3a0
Event: 12.638 Thread 0x000001e77d086800 DEOPT UNPACKING pc=0x000001e766f56dde sp=0x00000018f32fa828 mode 0
Event: 13.721 Thread 0x000001e77d086800 Uncommon trap: trap_request=0xffffff4d fr.pc=0x000001e76ea58b44 relative=0x00000000000000a4
Event: 13.721 Thread 0x000001e77d086800 Uncommon trap: reason=unstable_if action=reinterpret pc=0x000001e76ea58b44 method=java.lang.CharacterDataLatin1.digit(II)I @ 12 c2
Event: 13.721 Thread 0x000001e77d086800 DEOPT PACKING pc=0x000001e76ea58b44 sp=0x00000018f32fa720
Event: 13.721 Thread 0x000001e77d086800 DEOPT UNPACKING pc=0x000001e766f5662f sp=0x00000018f32fa698 mode 2
Event: 13.743 Thread 0x000001e77d086800 Uncommon trap: trap_request=0xffffffc6 fr.pc=0x000001e76ea6ec38 relative=0x00000000000003d8
Event: 13.743 Thread 0x000001e77d086800 Uncommon trap: reason=bimorphic_or_optimized_type_check action=maybe_recompile pc=0x000001e76ea6ec38 method=java.util.regex.Pattern$SliceI.match(Ljava/util/regex/Matcher;ILjava/lang/CharSequence;)Z @ 92 c2
Event: 13.743 Thread 0x000001e77d086800 DEOPT PACKING pc=0x000001e76ea6ec38 sp=0x00000018f32faa50
Event: 13.743 Thread 0x000001e77d086800 DEOPT UNPACKING pc=0x000001e766f5662f sp=0x00000018f32fa9f8 mode 2
Event: 14.125 Thread 0x000001e77d086800 DEOPT PACKING pc=0x000001e767680884 sp=0x00000018f32fb0b0
Event: 14.125 Thread 0x000001e77d086800 DEOPT UNPACKING pc=0x000001e766f56dde sp=0x00000018f32fa568 mode 0

Classes redefined (0 events):
No events

Internal exceptions (20 events):
Event: 0.535 Thread 0x000001e7632da000 Exception <a 'java/lang/NoSuchMethodError'{0x00000000cc2df080}: 'java.lang.Object java.lang.invoke.Invokers$Holder.linkToTargetMethod(java.lang.Object, long, java.lang.Object)'> (0x00000000cc2df080) thrown at [./src/hotspot/share/interpreter/linkResolver.cpp, line 773]
Event: 0.553 Thread 0x000001e77c228800 Exception <a 'java/lang/NoSuchMethodError'{0x00000000cc152b30}: 'java.lang.Object java.lang.invoke.DelegatingMethodHandle$Holder.reinvoke_L(java.lang.Object, int, java.lang.Object)'> (0x00000000cc152b30) thrown at [./src/hotspot/share/interpreter/linkResolver.cpp, line 773]
Event: 0.612 Thread 0x000001e77c4d4800 Exception <a 'java/lang/NoSuchMethodError'{0x00000000cc07a448}: <clinit>> (0x00000000cc07a448) thrown at [./src/hotspot/share/prims/jni.cpp, line 1362]
Event: 0.677 Thread 0x000001e77c4d4800 Exception <a 'java/lang/NoSuchMethodError'{0x00000000cbe864b0}: 'int java.lang.invoke.DirectMethodHandle$Holder.invokeSpecialIFC(java.lang.Object, java.lang.Object, int)'> (0x00000000cbe864b0) thrown at [./src/hotspot/share/interpreter/linkResolver.cpp, line 773]
Event: 0.728 Thread 0x000001e77c4d4800 Exception <a 'java/lang/NoSuchMethodError'{0x00000000cbd83310}: 'java.lang.Object java.lang.invoke.DirectMethodHandle$Holder.invokeVirtual(java.lang.Object, java.lang.Object, java.lang.Object)'> (0x00000000cbd83310) thrown at [./src/hotspot/share/interpreter/linkResolver.cpp, line 773]
Event: 0.822 Thread 0x000001e77c4d4800 Exception <a 'java/lang/NoSuchMethodError'{0x00000000cb9ed130}: 'void java.lang.invoke.DirectMethodHandle$Holder.invokeStaticInit(java.lang.Object, java.lang.Object)'> (0x00000000cb9ed130) thrown at [./src/hotspot/share/interpreter/linkResolver.cpp, line 773]
Event: 0.903 Thread 0x000001e77c4d4800 Exception <a 'sun/nio/fs/WindowsException'{0x00000000ccb14d10}> (0x00000000ccb14d10) thrown at [./src/hotspot/share/prims/jni.cpp, line 615]
Event: 0.916 Thread 0x000001e77c4d4800 Exception <a 'java/lang/NoSuchMethodError'{0x00000000ccb36328}: 'int java.lang.invoke.DirectMethodHandle$Holder.invokeStaticInit(java.lang.Object, java.lang.Object, java.lang.Object, java.lang.Object)'> (0x00000000ccb36328) thrown at [./src/hotspot/share/interpreter/linkResolver.cpp, line 773]
Event: 0.917 Thread 0x000001e77c4d4800 Exception <a 'java/lang/IncompatibleClassChangeError'{0x00000000ccb3f558}: Found class java.lang.Object, but interface was expected> (0x00000000ccb3f558) thrown at [./src/hotspot/share/interpreter/linkResolver.cpp, line 839]
Event: 0.918 Thread 0x000001e77c4d4800 Exception <a 'java/lang/NoSuchMethodError'{0x00000000ccb44b98}: 'int java.lang.invoke.DirectMethodHandle$Holder.invokeStaticInit(java.lang.Object, java.lang.Object)'> (0x00000000ccb44b98) thrown at [./src/hotspot/share/interpreter/linkResolver.cpp, line 773]
Event: 1.166 Thread 0x000001e77c4d4800 Implicit null exception at 0x000001e76ea26177 to 0x000001e76ea266ec
Event: 1.267 Thread 0x000001e77c4d4800 Implicit null exception at 0x000001e76ea26cf4 to 0x000001e76ea27280
Event: 1.351 Thread 0x000001e77c4d4800 Exception <a 'java/lang/NoSuchMethodError'{0x00000000cca26c80}: <clinit>> (0x00000000cca26c80) thrown at [./src/hotspot/share/prims/jni.cpp, line 1362]
Event: 1.352 Thread 0x000001e77c4d4800 Exception <a 'java/lang/NoSuchMethodError'{0x00000000cca33718}: <clinit>> (0x00000000cca33718) thrown at [./src/hotspot/share/prims/jni.cpp, line 1362]
Event: 1.393 Thread 0x000001e77c4d4800 Exception <a 'java/lang/NoSuchMethodError'{0x00000000cc99ee40}: <clinit>> (0x00000000cc99ee40) thrown at [./src/hotspot/share/prims/jni.cpp, line 1362]
Event: 1.394 Thread 0x000001e77c4d4800 Exception <a 'java/lang/NoSuchMethodError'{0x00000000cc9a9f70}: <clinit>> (0x00000000cc9a9f70) thrown at [./src/hotspot/share/prims/jni.cpp, line 1362]
Event: 1.395 Thread 0x000001e77c4d4800 Exception <a 'java/lang/NoSuchMethodError'{0x00000000cc9b4d78}: <clinit>> (0x00000000cc9b4d78) thrown at [./src/hotspot/share/prims/jni.cpp, line 1362]
Event: 1.429 Thread 0x000001e77c4d4800 Exception <a 'java/lang/NoSuchMethodError'{0x00000000cc81f1d0}: <clinit>> (0x00000000cc81f1d0) thrown at [./src/hotspot/share/prims/jni.cpp, line 1362]
Event: 1.541 Thread 0x000001e77c4d4800 Exception <a 'java/lang/NoSuchMethodError'{0x00000000cc797068}: <clinit>> (0x00000000cc797068) thrown at [./src/hotspot/share/prims/jni.cpp, line 1362]
Event: 2.128 Thread 0x000001e77d086800 Exception <a 'java/net/SocketException'{0x00000000caa5c840}: Software caused connection abort: socket write error> (0x00000000caa5c840) thrown at [./src/hotspot/share/prims/jni.cpp, line 636]

Events (20 events):
Event: 14.201 Thread 0x000001e77f7cf800 Thread exited: 0x000001e77f7cf800
Event: 14.201 Thread 0x000001e77f7d3800 Thread exited: 0x000001e77f7d3800
Event: 14.202 Thread 0x000001e77f7d7000 Thread exited: 0x000001e77f7d7000
Event: 14.202 Thread 0x000001e77f7d1000 Thread exited: 0x000001e77f7d1000
Event: 14.202 Thread 0x000001e77f7d8800 Thread exited: 0x000001e77f7d8800
Event: 14.203 Thread 0x000001e77f7d2000 Thread exited: 0x000001e77f7d2000
Event: 14.203 Thread 0x000001e77f7cc000 Thread exited: 0x000001e77f7cc000
Event: 14.204 Thread 0x000001e70038d800 Thread exited: 0x000001e70038d800
Event: 14.204 Thread 0x000001e700390000 Thread exited: 0x000001e700390000
Event: 14.204 Thread 0x000001e700391800 Thread exited: 0x000001e700391800
Event: 14.204 Thread 0x000001e700391000 Thread exited: 0x000001e700391000
Event: 14.204 Thread 0x000001e700393800 Thread exited: 0x000001e700393800
Event: 14.205 Thread 0x000001e700392800 Thread exited: 0x000001e700392800
Event: 14.205 loading class boolean
Event: 14.205 loading class boolean done
Event: 14.205 loading class boolean
Event: 14.205 loading class boolean done
Event: 14.206 Thread 0x000001e70038e800 Thread exited: 0x000001e70038e800
Event: 14.207 Thread 0x000001e700395000 Thread exited: 0x000001e700395000
Event: 14.207 Thread 0x000001e700396000 Thread exited: 0x000001e700396000


Dynamic libraries:
0x00007ff764c80000 - 0x00007ff764c8a000 	C:\Program Files\JetBrains\IntelliJ IDEA 2021.2\jbr\bin\java.exe
0x00007ffbaa2b0000 - 0x00007ffbaa4a5000 	C:\Windows\SYSTEM32\ntdll.dll
0x00007ffba9690000 - 0x00007ffba974e000 	C:\Windows\System32\KERNEL32.DLL
0x00007ffba7dc0000 - 0x00007ffba8089000 	C:\Windows\System32\KERNELBASE.dll
0x00007ffba7a20000 - 0x00007ffba7b20000 	C:\Windows\System32\ucrtbase.dll
0x00007ffb9db90000 - 0x00007ffb9dba7000 	C:\Program Files\JetBrains\IntelliJ IDEA 2021.2\jbr\bin\VCRUNTIME140.dll
0x00007ffb98d30000 - 0x00007ffb98d49000 	C:\Program Files\JetBrains\IntelliJ IDEA 2021.2\jbr\bin\jli.dll
0x00007ffba9ab0000 - 0x00007ffba9c51000 	C:\Windows\System32\USER32.dll
0x00007ffba7b20000 - 0x00007ffba7b42000 	C:\Windows\System32\win32u.dll
0x00007ffb99870000 - 0x00007ffb99b0a000 	C:\Windows\WinSxS\amd64_microsoft.windows.common-controls_6595b64144ccf1df_6.0.19041.1110_none_60b5254171f9507e\COMCTL32.dll
0x00007ffbaa020000 - 0x00007ffbaa04b000 	C:\Windows\System32\GDI32.dll
0x00007ffbaa050000 - 0x00007ffbaa0ee000 	C:\Windows\System32\msvcrt.dll
0x00007ffba8090000 - 0x00007ffba819b000 	C:\Windows\System32\gdi32full.dll
0x00007ffba7cc0000 - 0x00007ffba7d5d000 	C:\Windows\System32\msvcp_win.dll
0x00007ffba9f20000 - 0x00007ffba9f50000 	C:\Windows\System32\IMM32.DLL
0x00007ffb913a0000 - 0x00007ffb9143d000 	C:\Program Files\JetBrains\IntelliJ IDEA 2021.2\jbr\bin\msvcp140.dll
0x00007ffb828d0000 - 0x00007ffb8341a000 	C:\Program Files\JetBrains\IntelliJ IDEA 2021.2\jbr\bin\server\jvm.dll
0x00007ffba8e20000 - 0x00007ffba8ecc000 	C:\Windows\System32\ADVAPI32.dll
0x00007ffba9c60000 - 0x00007ffba9cfb000 	C:\Windows\System32\sechost.dll
0x00007ffba9d00000 - 0x00007ffba9e2a000 	C:\Windows\System32\RPCRT4.dll
0x00007ffba88b0000 - 0x00007ffba88b8000 	C:\Windows\System32\PSAPI.DLL
0x00007ffb95b20000 - 0x00007ffb95b47000 	C:\Windows\SYSTEM32\WINMM.dll
0x00007ffb988d0000 - 0x00007ffb988d9000 	C:\Windows\SYSTEM32\WSOCK32.dll
0x00007ffba9620000 - 0x00007ffba968b000 	C:\Windows\System32\WS2_32.dll
0x00007ffb9bd40000 - 0x00007ffb9bd4a000 	C:\Windows\SYSTEM32\VERSION.dll
0x00007ffba58d0000 - 0x00007ffba58e2000 	C:\Windows\SYSTEM32\kernel.appcore.dll
0x00007ffba2e00000 - 0x00007ffba2e11000 	C:\Program Files\JetBrains\IntelliJ IDEA 2021.2\jbr\bin\verify.dll
0x00007ffb9ff80000 - 0x00007ffba0164000 	C:\Windows\SYSTEM32\DBGHELP.DLL
0x00007ffb9fed0000 - 0x00007ffb9fefc000 	C:\Windows\SYSTEM32\dbgcore.DLL
0x00007ffba7c30000 - 0x00007ffba7cb3000 	C:\Windows\System32\bcryptPrimitives.dll
0x00007ffba22b0000 - 0x00007ffba22d9000 	C:\Program Files\JetBrains\IntelliJ IDEA 2021.2\jbr\bin\java.dll
0x00007ffba2330000 - 0x00007ffba233b000 	C:\Program Files\JetBrains\IntelliJ IDEA 2021.2\jbr\bin\jimage.dll
0x00007ffba2230000 - 0x00007ffba2248000 	C:\Program Files\JetBrains\IntelliJ IDEA 2021.2\jbr\bin\zip.dll
0x00007ffba8ed0000 - 0x00007ffba960f000 	C:\Windows\System32\SHELL32.dll
0x00007ffba5ad0000 - 0x00007ffba6260000 	C:\Windows\SYSTEM32\windows.storage.dll
0x00007ffba9750000 - 0x00007ffba9aa5000 	C:\Windows\System32\combase.dll
0x00007ffba73b0000 - 0x00007ffba73dc000 	C:\Windows\SYSTEM32\Wldp.dll
0x00007ffba8750000 - 0x00007ffba87fe000 	C:\Windows\System32\SHCORE.dll
0x00007ffba86d0000 - 0x00007ffba8725000 	C:\Windows\System32\shlwapi.dll
0x00007ffba7910000 - 0x00007ffba792f000 	C:\Windows\SYSTEM32\profapi.dll
0x00007ffba2080000 - 0x00007ffba209a000 	C:\Program Files\JetBrains\IntelliJ IDEA 2021.2\jbr\bin\net.dll
0x00007ffb9e7e0000 - 0x00007ffb9e8e8000 	C:\Windows\SYSTEM32\WINHTTP.dll
0x00007ffba70b0000 - 0x00007ffba711a000 	C:\Windows\system32\mswsock.dll
0x00007ffba1e50000 - 0x00007ffba1e64000 	C:\Program Files\JetBrains\IntelliJ IDEA 2021.2\jbr\bin\nio.dll
0x00007ffba72b0000 - 0x00007ffba72c8000 	C:\Windows\SYSTEM32\CRYPTSP.dll
0x00007ffba6a30000 - 0x00007ffba6a64000 	C:\Windows\system32\rsaenh.dll
0x00007ffba7b50000 - 0x00007ffba7b77000 	C:\Windows\System32\bcrypt.dll
0x00007ffba78d0000 - 0x00007ffba78fe000 	C:\Windows\SYSTEM32\USERENV.dll
0x00007ffba72a0000 - 0x00007ffba72ac000 	C:\Windows\SYSTEM32\CRYPTBASE.dll
0x00007ffba6da0000 - 0x00007ffba6ddb000 	C:\Windows\SYSTEM32\IPHLPAPI.DLL
0x00007ffba83e0000 - 0x00007ffba83e8000 	C:\Windows\System32\NSI.dll
0x00007ffba0700000 - 0x00007ffba0717000 	C:\Windows\SYSTEM32\dhcpcsvc6.DLL
0x00007ffba1010000 - 0x00007ffba102d000 	C:\Windows\SYSTEM32\dhcpcsvc.DLL
0x00007ffba6de0000 - 0x00007ffba6eac000 	C:\Windows\SYSTEM32\DNSAPI.dll
0x00007ffb98a40000 - 0x00007ffb98a48000 	C:\Program Files\JetBrains\IntelliJ IDEA 2021.2\jbr\bin\rmi.dll
0x00007ffb9e720000 - 0x00007ffb9e72a000 	C:\Windows\System32\rasadhlp.dll
0x00007ffb9e760000 - 0x00007ffb9e7df000 	C:\Windows\System32\fwpuclnt.dll
0x00007ffb98d50000 - 0x00007ffb98d78000 	C:\Program Files\JetBrains\IntelliJ IDEA 2021.2\jbr\bin\sunec.dll

dbghelp: loaded successfully - version: 4.0.5 - missing functions: none
symbol engine: initialized successfully - sym options: 0x614 - pdb path: .;C:\Program Files\JetBrains\IntelliJ IDEA 2021.2\jbr\bin;C:\Windows\SYSTEM32;C:\Windows\WinSxS\amd64_microsoft.windows.common-controls_6595b64144ccf1df_6.0.19041.1110_none_60b5254171f9507e;C:\Program Files\JetBrains\IntelliJ IDEA 2021.2\jbr\bin\server

VM Arguments:
jvm_args: -Djava.rmi.server.hostname=127.0.0.1 -Duser.timezone=UTC -Xmx947m -Xms128m -Dfile.encoding=UTF-8 
java_command: com.intellij.database.remote.RemoteJdbcServer com.mysql.cj.jdbc.Driver
java_class_path (initial): C:\Program Files\JetBrains\IntelliJ IDEA 2021.2\lib\util.jar;C:\Program Files\JetBrains\IntelliJ IDEA 2021.2\lib\groovy-2.5.14.jar;C:\Program Files\JetBrains\IntelliJ IDEA 2021.2\plugins\DatabaseTools\lib\jdbc-console.jar;C:\Users\Lavinia\AppData\Roaming\JetBrains\IntelliJIdea2021.2\jdbc-drivers\MySQL ConnectorJ\8.0.25\mysql-connector-java-8.0.25.jar
Launcher Type: SUN_STANDARD

[Global flags]
     intx CICompilerCount                          = 3                                         {product} {ergonomic}
     uint ConcGCThreads                            = 2                                         {product} {ergonomic}
     uint G1ConcRefinementThreads                  = 6                                         {product} {ergonomic}
   size_t G1HeapRegionSize                         = 1048576                                   {product} {ergonomic}
    uintx GCDrainStackTargetSize                   = 64                                        {product} {ergonomic}
   size_t InitialHeapSize                          = 134217728                                 {product} {command line}
   size_t MarkStackSize                            = 4194304                                   {product} {ergonomic}
   size_t MaxHeapSize                              = 994050048                                 {product} {command line, ergonomic}
   size_t MaxNewSize                               = 595591168                                 {product} {ergonomic}
   size_t MinHeapDeltaBytes                        = 1048576                                   {product} {ergonomic}
    uintx NonNMethodCodeHeapSize                   = 5830732                                {pd product} {ergonomic}
    uintx NonProfiledCodeHeapSize                  = 122913754                              {pd product} {ergonomic}
    uintx ProfiledCodeHeapSize                     = 122913754                              {pd product} {ergonomic}
    uintx ReservedCodeCacheSize                    = 251658240                              {pd product} {ergonomic}
     bool SegmentedCodeCache                       = true                                      {product} {ergonomic}
     bool UseCompressedClassPointers               = true                                 {lp64_product} {ergonomic}
     bool UseCompressedOops                        = true                                 {lp64_product} {ergonomic}
     bool UseG1GC                                  = true                                      {product} {ergonomic}
     bool UseLargePagesIndividualAllocation        = false                                  {pd product} {ergonomic}

Logging:
Log output configuration:
 #0: stdout all=warning uptime,level,tags
 #1: stderr all=off uptime,level,tags

Environment Variables:
PATH=C:\Windows\system32;C:\Windows;C:\Windows\System32\Wbem;C:\Windows\System32\WindowsPowerShell\v1.0\;C:\Windows\System32\OpenSSH\;C:\Xilinx92i\bin\nt;C:\Program Files\Microsoft SQL Server\120\Tools\Binn\;C:\Program Files\Git\cmd;C:\Program Files\MySQL\MySQL Shell 8.0\bin\;C:\Users\Lavinia\AppData\Local\Microsoft\WindowsApps;;C:\OJI\FP\bin\i386-Win32;C:\Modeltech_xe_starter\win32xoem;C:\Users\Lavinia\AppData\Local\Programs\Microsoft VS Code\bin
USERNAME=Lavinia
OS=Windows_NT
PROCESSOR_IDENTIFIER=AMD64 Family 23 Model 96 Stepping 1, AuthenticAMD



---------------  S Y S T E M  ---------------

OS: Windows 10 , 64 bit Build 19041 (10.0.19041.1202)
OS uptime: 1 days 20:43 hours

CPU:total 6 (initial active 6) (6 cores per cpu, 1 threads per core) family 23 model 96 stepping 1 microcode 0x0, cmov, cx8, fxsr, mmx, sse, sse2, sse3, ssse3, sse4.1, sse4.2, popcnt, avx, avx2, aes, clmul, mmxext, 3dnowpref, lzcnt, sse4a, tsc, tscinvbit, tscinv, bmi1, bmi2, adx, sha, 

Memory: 4k page, system-wide physical 7579M (611M free)
TotalPageFile size 7579M (AvailPageFile size 5M)
current process WorkingSet (physical memory assigned to process): 155M, peak: 156M
current process commit charge ("private bytes"): 267M, peak: 268M

vm_info: OpenJDK 64-Bit Server VM (11.0.11+9-b1504.13) for windows-amd64 JRE (11.0.11+9-b1504.13), built on Jul 18 2021 03:17:44 by "" with MS VC++ 14.0 (VS2015)

END.
