#
# There is insufficient memory for the Java Runtime Environment to continue.
# Native memory allocation (malloc) failed to allocate 217856 bytes for Chunk::new
# Possible reasons:
#   The system is out of physical RAM or swap space
#   The process is running with CompressedOops enabled, and the Java Heap may be blocking the growth of the native heap
# Possible solutions:
#   Reduce memory load on the system
#   Increase physical memory or swap space
#   Check if swap backing store is full
#   Decrease Java heap size (-Xmx/-Xms)
#   Decrease number of Java threads
#   Decrease Java thread stack sizes (-Xss)
#   Set larger code cache with -XX:ReservedCodeCacheSize=
#   JVM is running with Unscaled Compressed Oops mode in which the Java heap is
#     placed in the first 4GB address space. The Java Heap base address is the
#     maximum limit for the native heap growth. Please use -XX:HeapBaseMinAddress
#     to set the Java Heap base and to place the Java Heap above 4GB virtual address.
# This output file may be truncated or incomplete.
#
#  Out of Memory Error (./open/src/hotspot/share/memory/arena.cpp:195), pid=6776, tid=4588
#
# JRE version: OpenJDK Runtime Environment (15.0.2+7) (build 15.0.2+7-27)
# Java VM: OpenJDK 64-Bit Server VM (15.0.2+7-27, mixed mode, sharing, tiered, compressed oops, g1 gc, windows-amd64)
# No core dump will be written. Minidumps are not enabled by default on client versions of Windows
#

---------------  S U M M A R Y ------------

Command Line: -javaagent:C:\Program Files\JetBrains\IntelliJ IDEA 2021.2\lib\idea_rt.jar=54460:C:\Program Files\JetBrains\IntelliJ IDEA 2021.2\bin -Dfile.encoding=UTF-8 App

Host: AMD Ryzen 5 4500U with Radeon Graphics         , 6 cores, 7G,  Windows 10 , 64 bit Build 19041 (10.0.19041.1202)
Time: Mon Oct  4 11:21:17 2021 GTB Daylight Time elapsed time: 0.252017 seconds (0d 0h 0m 0s)

---------------  T H R E A D  ---------------

Current thread (0x0000025454acf0e0):  JavaThread "C2 CompilerThread1" daemon [_thread_in_native, id=4588, stack(0x0000005810700000,0x0000005810800000)]


Current CompileTask:
C2:    252  569 %     4       java.util.Properties$LineReader::readLine @ 224 (584 bytes)

Stack: [0x0000005810700000,0x0000005810800000]
Native frames: (J=compiled Java code, j=interpreted, Vv=VM code, C=native code)
V  [jvm.dll+0x62ae9a]
V  [jvm.dll+0x7817a9]
V  [jvm.dll+0x782f03]
V  [jvm.dll+0x783563]
V  [jvm.dll+0x216325]
V  [jvm.dll+0x97f3a]
V  [jvm.dll+0x9861c]
V  [jvm.dll+0x279f9f]
V  [jvm.dll+0x540794]
V  [jvm.dll+0x1f3124]
V  [jvm.dll+0x1ecaf1]
V  [jvm.dll+0x1e9867]
V  [jvm.dll+0x178567]
V  [jvm.dll+0x1f9225]
V  [jvm.dll+0x1f72cc]
V  [jvm.dll+0x74495d]
V  [jvm.dll+0x73d75a]
V  [jvm.dll+0x629c56]
C  [ucrtbase.dll+0x21bb2]
C  [KERNEL32.DLL+0x17034]
C  [ntdll.dll+0x52651]


---------------  P R O C E S S  ---------------

Threads class SMR info:
_java_thread_list=0x0000025454760de0, length=14, elements={
0x0000025435a5e9b0, 0x0000025453c00f10, 0x0000025453c01ae0, 0x0000025453c1f280,
0x0000025453c1fb40, 0x0000025453c204f0, 0x0000025453c21280, 0x0000025453c2d230,
0x0000025453c49820, 0x000002545462f570, 0x0000025454757cb0, 0x0000025454758180,
0x00000254548cbd40, 0x0000025454acf0e0
}

Java Threads: ( => current thread )
  0x0000025435a5e9b0 JavaThread "main" [_thread_in_vm, id=6644, stack(0x000000580f300000,0x000000580f400000)]
  0x0000025453c00f10 JavaThread "Reference Handler" daemon [_thread_blocked, id=9704, stack(0x000000580fa00000,0x000000580fb00000)]
  0x0000025453c01ae0 JavaThread "Finalizer" daemon [_thread_blocked, id=9624, stack(0x000000580fb00000,0x000000580fc00000)]
  0x0000025453c1f280 JavaThread "Signal Dispatcher" daemon [_thread_blocked, id=11932, stack(0x000000580fc00000,0x000000580fd00000)]
  0x0000025453c1fb40 JavaThread "Attach Listener" daemon [_thread_blocked, id=14792, stack(0x000000580fd00000,0x000000580fe00000)]
  0x0000025453c204f0 JavaThread "Service Thread" daemon [_thread_blocked, id=672, stack(0x000000580fe00000,0x000000580ff00000)]
  0x0000025453c21280 JavaThread "C2 CompilerThread0" daemon [_thread_blocked, id=15940, stack(0x000000580ff00000,0x0000005810000000)]
  0x0000025453c2d230 JavaThread "C1 CompilerThread0" daemon [_thread_in_native, id=11776, stack(0x0000005810000000,0x0000005810100000)]
  0x0000025453c49820 JavaThread "Sweeper thread" daemon [_thread_blocked, id=2432, stack(0x0000005810100000,0x0000005810200000)]
  0x000002545462f570 JavaThread "Common-Cleaner" daemon [_thread_blocked, id=4592, stack(0x0000005810200000,0x0000005810300000)]
  0x0000025454757cb0 JavaThread "Monitor Ctrl-Break" daemon [_thread_in_native, id=2612, stack(0x0000005810300000,0x0000005810400000)]
  0x0000025454758180 JavaThread "Notification Thread" daemon [_thread_blocked, id=12384, stack(0x0000005810400000,0x0000005810500000)]
  0x00000254548cbd40 JavaThread "mysql-cj-abandoned-connection-cleanup" daemon [_thread_blocked, id=16056, stack(0x0000005810600000,0x0000005810700000)]
=>0x0000025454acf0e0 JavaThread "C2 CompilerThread1" daemon [_thread_in_native, id=4588, stack(0x0000005810700000,0x0000005810800000)]

Other Threads:
  0x0000025435b3ec40 VMThread "VM Thread" [stack: 0x000000580f900000,0x000000580fa00000] [id=7644]
  0x0000025454758650 WatcherThread [stack: 0x0000005810500000,0x0000005810600000] [id=9876]
  0x0000025435a9d4e0 GCTaskThread "GC Thread#0" [stack: 0x000000580f400000,0x000000580f500000] [id=7564]
  0x0000025435aad330 ConcurrentGCThread "G1 Main Marker" [stack: 0x000000580f500000,0x000000580f600000] [id=6192]
  0x0000025435aae6c0 ConcurrentGCThread "G1 Conc#0" [stack: 0x000000580f600000,0x000000580f700000] [id=15644]
  0x0000025435b228f0 ConcurrentGCThread "G1 Refine#0" [stack: 0x000000580f700000,0x000000580f800000] [id=10196]
  0x0000025435b24240 ConcurrentGCThread "G1 Young RemSet Sampling" [stack: 0x000000580f800000,0x000000580f900000] [id=5116]

Threads with active compile tasks:
C1 CompilerThread0      261  589       3       sun.invoke.util.VerifyAccess::isClassAccessible (230 bytes)
C2 CompilerThread1      261  569 %     4       java.util.Properties$LineReader::readLine @ 224 (584 bytes)

VM state: not at safepoint (normal execution)

VM Mutex/Monitor currently owned by a thread: None

Heap address: 0x0000000089800000, size: 1896 MB, Compressed Oops mode: 32-bit
CDS archive(s) mapped at: [0x0000000800000000-0x0000000800b50000-0x0000000800b50000), size 11862016, SharedBaseAddress: 0x0000000800000000, ArchiveRelocationMode: 0.
Compressed class space mapped at: 0x0000000800b50000-0x0000000840b50000, size: 1073741824
Narrow klass base: 0x0000000800000000, Narrow klass shift: 3, Narrow klass range: 0x100000000

GC Precious Log:
 CPUs: 6 total, 6 available
 Memory: 7579M
 Large Page Support: Disabled
 NUMA Support: Disabled
 Compressed Oops: Enabled (32-bit)
 Heap Region Size: 1M
 Heap Min Capacity: 8M
 Heap Initial Capacity: 120M
 Heap Max Capacity: 1896M
 Pre-touch: Disabled
 Parallel Workers: 6
 Concurrent Workers: 2
 Concurrent Refinement Workers: 6
 Periodic GC: Disabled

Heap:
 garbage-first heap   total 122880K, used 8192K [0x0000000089800000, 0x0000000100000000)
  region size 1024K, 9 young (9216K), 0 survivors (0K)
 Metaspace       used 3569K, capacity 6436K, committed 6528K, reserved 1060864K
  class space    used 334K, capacity 609K, committed 640K, reserved 1048576K

Heap Regions: E=young(eden), S=young(survivor), O=old, HS=humongous(starts), HC=humongous(continues), CS=collection set, F=free, OA=open archive, CA=closed archive, TAMS=top-at-mark-start (previous, next)
|   0|0x0000000089800000, 0x0000000089800000, 0x0000000089900000|  0%| F|  |TAMS 0x0000000089800000, 0x0000000089800000| Untracked 
|   1|0x0000000089900000, 0x0000000089900000, 0x0000000089a00000|  0%| F|  |TAMS 0x0000000089900000, 0x0000000089900000| Untracked 
|   2|0x0000000089a00000, 0x0000000089a00000, 0x0000000089b00000|  0%| F|  |TAMS 0x0000000089a00000, 0x0000000089a00000| Untracked 
|   3|0x0000000089b00000, 0x0000000089b00000, 0x0000000089c00000|  0%| F|  |TAMS 0x0000000089b00000, 0x0000000089b00000| Untracked 
|   4|0x0000000089c00000, 0x0000000089c00000, 0x0000000089d00000|  0%| F|  |TAMS 0x0000000089c00000, 0x0000000089c00000| Untracked 
|   5|0x0000000089d00000, 0x0000000089d00000, 0x0000000089e00000|  0%| F|  |TAMS 0x0000000089d00000, 0x0000000089d00000| Untracked 
|   6|0x0000000089e00000, 0x0000000089e00000, 0x0000000089f00000|  0%| F|  |TAMS 0x0000000089e00000, 0x0000000089e00000| Untracked 
|   7|0x0000000089f00000, 0x0000000089f00000, 0x000000008a000000|  0%| F|  |TAMS 0x0000000089f00000, 0x0000000089f00000| Untracked 
|   8|0x000000008a000000, 0x000000008a000000, 0x000000008a100000|  0%| F|  |TAMS 0x000000008a000000, 0x000000008a000000| Untracked 
|   9|0x000000008a100000, 0x000000008a100000, 0x000000008a200000|  0%| F|  |TAMS 0x000000008a100000, 0x000000008a100000| Untracked 
|  10|0x000000008a200000, 0x000000008a200000, 0x000000008a300000|  0%| F|  |TAMS 0x000000008a200000, 0x000000008a200000| Untracked 
|  11|0x000000008a300000, 0x000000008a300000, 0x000000008a400000|  0%| F|  |TAMS 0x000000008a300000, 0x000000008a300000| Untracked 
|  12|0x000000008a400000, 0x000000008a400000, 0x000000008a500000|  0%| F|  |TAMS 0x000000008a400000, 0x000000008a400000| Untracked 
|  13|0x000000008a500000, 0x000000008a500000, 0x000000008a600000|  0%| F|  |TAMS 0x000000008a500000, 0x000000008a500000| Untracked 
|  14|0x000000008a600000, 0x000000008a600000, 0x000000008a700000|  0%| F|  |TAMS 0x000000008a600000, 0x000000008a600000| Untracked 
|  15|0x000000008a700000, 0x000000008a700000, 0x000000008a800000|  0%| F|  |TAMS 0x000000008a700000, 0x000000008a700000| Untracked 
|  16|0x000000008a800000, 0x000000008a800000, 0x000000008a900000|  0%| F|  |TAMS 0x000000008a800000, 0x000000008a800000| Untracked 
|  17|0x000000008a900000, 0x000000008a900000, 0x000000008aa00000|  0%| F|  |TAMS 0x000000008a900000, 0x000000008a900000| Untracked 
|  18|0x000000008aa00000, 0x000000008aa00000, 0x000000008ab00000|  0%| F|  |TAMS 0x000000008aa00000, 0x000000008aa00000| Untracked 
|  19|0x000000008ab00000, 0x000000008ab00000, 0x000000008ac00000|  0%| F|  |TAMS 0x000000008ab00000, 0x000000008ab00000| Untracked 
|  20|0x000000008ac00000, 0x000000008ac00000, 0x000000008ad00000|  0%| F|  |TAMS 0x000000008ac00000, 0x000000008ac00000| Untracked 
|  21|0x000000008ad00000, 0x000000008ad00000, 0x000000008ae00000|  0%| F|  |TAMS 0x000000008ad00000, 0x000000008ad00000| Untracked 
|  22|0x000000008ae00000, 0x000000008ae00000, 0x000000008af00000|  0%| F|  |TAMS 0x000000008ae00000, 0x000000008ae00000| Untracked 
|  23|0x000000008af00000, 0x000000008af00000, 0x000000008b000000|  0%| F|  |TAMS 0x000000008af00000, 0x000000008af00000| Untracked 
|  24|0x000000008b000000, 0x000000008b000000, 0x000000008b100000|  0%| F|  |TAMS 0x000000008b000000, 0x000000008b000000| Untracked 
|  25|0x000000008b100000, 0x000000008b100000, 0x000000008b200000|  0%| F|  |TAMS 0x000000008b100000, 0x000000008b100000| Untracked 
|  26|0x000000008b200000, 0x000000008b200000, 0x000000008b300000|  0%| F|  |TAMS 0x000000008b200000, 0x000000008b200000| Untracked 
|  27|0x000000008b300000, 0x000000008b300000, 0x000000008b400000|  0%| F|  |TAMS 0x000000008b300000, 0x000000008b300000| Untracked 
|  28|0x000000008b400000, 0x000000008b400000, 0x000000008b500000|  0%| F|  |TAMS 0x000000008b400000, 0x000000008b400000| Untracked 
|  29|0x000000008b500000, 0x000000008b500000, 0x000000008b600000|  0%| F|  |TAMS 0x000000008b500000, 0x000000008b500000| Untracked 
|  30|0x000000008b600000, 0x000000008b600000, 0x000000008b700000|  0%| F|  |TAMS 0x000000008b600000, 0x000000008b600000| Untracked 
|  31|0x000000008b700000, 0x000000008b700000, 0x000000008b800000|  0%| F|  |TAMS 0x000000008b700000, 0x000000008b700000| Untracked 
|  32|0x000000008b800000, 0x000000008b800000, 0x000000008b900000|  0%| F|  |TAMS 0x000000008b800000, 0x000000008b800000| Untracked 
|  33|0x000000008b900000, 0x000000008b900000, 0x000000008ba00000|  0%| F|  |TAMS 0x000000008b900000, 0x000000008b900000| Untracked 
|  34|0x000000008ba00000, 0x000000008ba00000, 0x000000008bb00000|  0%| F|  |TAMS 0x000000008ba00000, 0x000000008ba00000| Untracked 
|  35|0x000000008bb00000, 0x000000008bb00000, 0x000000008bc00000|  0%| F|  |TAMS 0x000000008bb00000, 0x000000008bb00000| Untracked 
|  36|0x000000008bc00000, 0x000000008bc00000, 0x000000008bd00000|  0%| F|  |TAMS 0x000000008bc00000, 0x000000008bc00000| Untracked 
|  37|0x000000008bd00000, 0x000000008bd00000, 0x000000008be00000|  0%| F|  |TAMS 0x000000008bd00000, 0x000000008bd00000| Untracked 
|  38|0x000000008be00000, 0x000000008be00000, 0x000000008bf00000|  0%| F|  |TAMS 0x000000008be00000, 0x000000008be00000| Untracked 
|  39|0x000000008bf00000, 0x000000008bf00000, 0x000000008c000000|  0%| F|  |TAMS 0x000000008bf00000, 0x000000008bf00000| Untracked 
|  40|0x000000008c000000, 0x000000008c000000, 0x000000008c100000|  0%| F|  |TAMS 0x000000008c000000, 0x000000008c000000| Untracked 
|  41|0x000000008c100000, 0x000000008c100000, 0x000000008c200000|  0%| F|  |TAMS 0x000000008c100000, 0x000000008c100000| Untracked 
|  42|0x000000008c200000, 0x000000008c200000, 0x000000008c300000|  0%| F|  |TAMS 0x000000008c200000, 0x000000008c200000| Untracked 
|  43|0x000000008c300000, 0x000000008c300000, 0x000000008c400000|  0%| F|  |TAMS 0x000000008c300000, 0x000000008c300000| Untracked 
|  44|0x000000008c400000, 0x000000008c400000, 0x000000008c500000|  0%| F|  |TAMS 0x000000008c400000, 0x000000008c400000| Untracked 
|  45|0x000000008c500000, 0x000000008c500000, 0x000000008c600000|  0%| F|  |TAMS 0x000000008c500000, 0x000000008c500000| Untracked 
|  46|0x000000008c600000, 0x000000008c600000, 0x000000008c700000|  0%| F|  |TAMS 0x000000008c600000, 0x000000008c600000| Untracked 
|  47|0x000000008c700000, 0x000000008c700000, 0x000000008c800000|  0%| F|  |TAMS 0x000000008c700000, 0x000000008c700000| Untracked 
|  48|0x000000008c800000, 0x000000008c800000, 0x000000008c900000|  0%| F|  |TAMS 0x000000008c800000, 0x000000008c800000| Untracked 
|  49|0x000000008c900000, 0x000000008c900000, 0x000000008ca00000|  0%| F|  |TAMS 0x000000008c900000, 0x000000008c900000| Untracked 
|  50|0x000000008ca00000, 0x000000008ca00000, 0x000000008cb00000|  0%| F|  |TAMS 0x000000008ca00000, 0x000000008ca00000| Untracked 
|  51|0x000000008cb00000, 0x000000008cb00000, 0x000000008cc00000|  0%| F|  |TAMS 0x000000008cb00000, 0x000000008cb00000| Untracked 
|  52|0x000000008cc00000, 0x000000008cc00000, 0x000000008cd00000|  0%| F|  |TAMS 0x000000008cc00000, 0x000000008cc00000| Untracked 
|  53|0x000000008cd00000, 0x000000008cd00000, 0x000000008ce00000|  0%| F|  |TAMS 0x000000008cd00000, 0x000000008cd00000| Untracked 
|  54|0x000000008ce00000, 0x000000008ce00000, 0x000000008cf00000|  0%| F|  |TAMS 0x000000008ce00000, 0x000000008ce00000| Untracked 
|  55|0x000000008cf00000, 0x000000008cf00000, 0x000000008d000000|  0%| F|  |TAMS 0x000000008cf00000, 0x000000008cf00000| Untracked 
|  56|0x000000008d000000, 0x000000008d000000, 0x000000008d100000|  0%| F|  |TAMS 0x000000008d000000, 0x000000008d000000| Untracked 
|  57|0x000000008d100000, 0x000000008d100000, 0x000000008d200000|  0%| F|  |TAMS 0x000000008d100000, 0x000000008d100000| Untracked 
|  58|0x000000008d200000, 0x000000008d200000, 0x000000008d300000|  0%| F|  |TAMS 0x000000008d200000, 0x000000008d200000| Untracked 
|  59|0x000000008d300000, 0x000000008d300000, 0x000000008d400000|  0%| F|  |TAMS 0x000000008d300000, 0x000000008d300000| Untracked 
|  60|0x000000008d400000, 0x000000008d400000, 0x000000008d500000|  0%| F|  |TAMS 0x000000008d400000, 0x000000008d400000| Untracked 
|  61|0x000000008d500000, 0x000000008d500000, 0x000000008d600000|  0%| F|  |TAMS 0x000000008d500000, 0x000000008d500000| Untracked 
|  62|0x000000008d600000, 0x000000008d600000, 0x000000008d700000|  0%| F|  |TAMS 0x000000008d600000, 0x000000008d600000| Untracked 
|  63|0x000000008d700000, 0x000000008d700000, 0x000000008d800000|  0%| F|  |TAMS 0x000000008d700000, 0x000000008d700000| Untracked 
|  64|0x000000008d800000, 0x000000008d800000, 0x000000008d900000|  0%| F|  |TAMS 0x000000008d800000, 0x000000008d800000| Untracked 
|  65|0x000000008d900000, 0x000000008d900000, 0x000000008da00000|  0%| F|  |TAMS 0x000000008d900000, 0x000000008d900000| Untracked 
|  66|0x000000008da00000, 0x000000008da00000, 0x000000008db00000|  0%| F|  |TAMS 0x000000008da00000, 0x000000008da00000| Untracked 
|  67|0x000000008db00000, 0x000000008db00000, 0x000000008dc00000|  0%| F|  |TAMS 0x000000008db00000, 0x000000008db00000| Untracked 
|  68|0x000000008dc00000, 0x000000008dc00000, 0x000000008dd00000|  0%| F|  |TAMS 0x000000008dc00000, 0x000000008dc00000| Untracked 
|  69|0x000000008dd00000, 0x000000008dd00000, 0x000000008de00000|  0%| F|  |TAMS 0x000000008dd00000, 0x000000008dd00000| Untracked 
|  70|0x000000008de00000, 0x000000008de00000, 0x000000008df00000|  0%| F|  |TAMS 0x000000008de00000, 0x000000008de00000| Untracked 
|  71|0x000000008df00000, 0x000000008df00000, 0x000000008e000000|  0%| F|  |TAMS 0x000000008df00000, 0x000000008df00000| Untracked 
|  72|0x000000008e000000, 0x000000008e000000, 0x000000008e100000|  0%| F|  |TAMS 0x000000008e000000, 0x000000008e000000| Untracked 
|  73|0x000000008e100000, 0x000000008e100000, 0x000000008e200000|  0%| F|  |TAMS 0x000000008e100000, 0x000000008e100000| Untracked 
|  74|0x000000008e200000, 0x000000008e200000, 0x000000008e300000|  0%| F|  |TAMS 0x000000008e200000, 0x000000008e200000| Untracked 
|  75|0x000000008e300000, 0x000000008e300000, 0x000000008e400000|  0%| F|  |TAMS 0x000000008e300000, 0x000000008e300000| Untracked 
|  76|0x000000008e400000, 0x000000008e400000, 0x000000008e500000|  0%| F|  |TAMS 0x000000008e400000, 0x000000008e400000| Untracked 
|  77|0x000000008e500000, 0x000000008e500000, 0x000000008e600000|  0%| F|  |TAMS 0x000000008e500000, 0x000000008e500000| Untracked 
|  78|0x000000008e600000, 0x000000008e600000, 0x000000008e700000|  0%| F|  |TAMS 0x000000008e600000, 0x000000008e600000| Untracked 
|  79|0x000000008e700000, 0x000000008e700000, 0x000000008e800000|  0%| F|  |TAMS 0x000000008e700000, 0x000000008e700000| Untracked 
|  80|0x000000008e800000, 0x000000008e800000, 0x000000008e900000|  0%| F|  |TAMS 0x000000008e800000, 0x000000008e800000| Untracked 
|  81|0x000000008e900000, 0x000000008e900000, 0x000000008ea00000|  0%| F|  |TAMS 0x000000008e900000, 0x000000008e900000| Untracked 
|  82|0x000000008ea00000, 0x000000008ea00000, 0x000000008eb00000|  0%| F|  |TAMS 0x000000008ea00000, 0x000000008ea00000| Untracked 
|  83|0x000000008eb00000, 0x000000008eb00000, 0x000000008ec00000|  0%| F|  |TAMS 0x000000008eb00000, 0x000000008eb00000| Untracked 
|  84|0x000000008ec00000, 0x000000008ec00000, 0x000000008ed00000|  0%| F|  |TAMS 0x000000008ec00000, 0x000000008ec00000| Untracked 
|  85|0x000000008ed00000, 0x000000008ed00000, 0x000000008ee00000|  0%| F|  |TAMS 0x000000008ed00000, 0x000000008ed00000| Untracked 
|  86|0x000000008ee00000, 0x000000008ee00000, 0x000000008ef00000|  0%| F|  |TAMS 0x000000008ee00000, 0x000000008ee00000| Untracked 
|  87|0x000000008ef00000, 0x000000008ef00000, 0x000000008f000000|  0%| F|  |TAMS 0x000000008ef00000, 0x000000008ef00000| Untracked 
|  88|0x000000008f000000, 0x000000008f000000, 0x000000008f100000|  0%| F|  |TAMS 0x000000008f000000, 0x000000008f000000| Untracked 
|  89|0x000000008f100000, 0x000000008f100000, 0x000000008f200000|  0%| F|  |TAMS 0x000000008f100000, 0x000000008f100000| Untracked 
|  90|0x000000008f200000, 0x000000008f200000, 0x000000008f300000|  0%| F|  |TAMS 0x000000008f200000, 0x000000008f200000| Untracked 
|  91|0x000000008f300000, 0x000000008f300000, 0x000000008f400000|  0%| F|  |TAMS 0x000000008f300000, 0x000000008f300000| Untracked 
|  92|0x000000008f400000, 0x000000008f400000, 0x000000008f500000|  0%| F|  |TAMS 0x000000008f400000, 0x000000008f400000| Untracked 
|  93|0x000000008f500000, 0x000000008f500000, 0x000000008f600000|  0%| F|  |TAMS 0x000000008f500000, 0x000000008f500000| Untracked 
|  94|0x000000008f600000, 0x000000008f600000, 0x000000008f700000|  0%| F|  |TAMS 0x000000008f600000, 0x000000008f600000| Untracked 
|  95|0x000000008f700000, 0x000000008f700000, 0x000000008f800000|  0%| F|  |TAMS 0x000000008f700000, 0x000000008f700000| Untracked 
|  96|0x000000008f800000, 0x000000008f800000, 0x000000008f900000|  0%| F|  |TAMS 0x000000008f800000, 0x000000008f800000| Untracked 
|  97|0x000000008f900000, 0x000000008f900000, 0x000000008fa00000|  0%| F|  |TAMS 0x000000008f900000, 0x000000008f900000| Untracked 
|  98|0x000000008fa00000, 0x000000008fa00000, 0x000000008fb00000|  0%| F|  |TAMS 0x000000008fa00000, 0x000000008fa00000| Untracked 
|  99|0x000000008fb00000, 0x000000008fb00000, 0x000000008fc00000|  0%| F|  |TAMS 0x000000008fb00000, 0x000000008fb00000| Untracked 
| 100|0x000000008fc00000, 0x000000008fc00000, 0x000000008fd00000|  0%| F|  |TAMS 0x000000008fc00000, 0x000000008fc00000| Untracked 
| 101|0x000000008fd00000, 0x000000008fd00000, 0x000000008fe00000|  0%| F|  |TAMS 0x000000008fd00000, 0x000000008fd00000| Untracked 
| 102|0x000000008fe00000, 0x000000008fe00000, 0x000000008ff00000|  0%| F|  |TAMS 0x000000008fe00000, 0x000000008fe00000| Untracked 
| 103|0x000000008ff00000, 0x000000008ff00000, 0x0000000090000000|  0%| F|  |TAMS 0x000000008ff00000, 0x000000008ff00000| Untracked 
| 104|0x0000000090000000, 0x0000000090000000, 0x0000000090100000|  0%| F|  |TAMS 0x0000000090000000, 0x0000000090000000| Untracked 
| 105|0x0000000090100000, 0x0000000090100000, 0x0000000090200000|  0%| F|  |TAMS 0x0000000090100000, 0x0000000090100000| Untracked 
| 106|0x0000000090200000, 0x0000000090200000, 0x0000000090300000|  0%| F|  |TAMS 0x0000000090200000, 0x0000000090200000| Untracked 
| 107|0x0000000090300000, 0x0000000090300000, 0x0000000090400000|  0%| F|  |TAMS 0x0000000090300000, 0x0000000090300000| Untracked 
| 108|0x0000000090400000, 0x0000000090400000, 0x0000000090500000|  0%| F|  |TAMS 0x0000000090400000, 0x0000000090400000| Untracked 
| 109|0x0000000090500000, 0x0000000090500000, 0x0000000090600000|  0%| F|  |TAMS 0x0000000090500000, 0x0000000090500000| Untracked 
| 110|0x0000000090600000, 0x0000000090600000, 0x0000000090700000|  0%| F|  |TAMS 0x0000000090600000, 0x0000000090600000| Untracked 
| 111|0x0000000090700000, 0x000000009076c260, 0x0000000090800000| 42%| E|  |TAMS 0x0000000090700000, 0x0000000090700000| Complete 
| 112|0x0000000090800000, 0x0000000090900000, 0x0000000090900000|100%| E|CS|TAMS 0x0000000090800000, 0x0000000090800000| Complete 
| 113|0x0000000090900000, 0x0000000090a00000, 0x0000000090a00000|100%| E|CS|TAMS 0x0000000090900000, 0x0000000090900000| Complete 
| 114|0x0000000090a00000, 0x0000000090b00000, 0x0000000090b00000|100%| E|CS|TAMS 0x0000000090a00000, 0x0000000090a00000| Complete 
| 115|0x0000000090b00000, 0x0000000090c00000, 0x0000000090c00000|100%| E|CS|TAMS 0x0000000090b00000, 0x0000000090b00000| Complete 
| 116|0x0000000090c00000, 0x0000000090d00000, 0x0000000090d00000|100%| E|CS|TAMS 0x0000000090c00000, 0x0000000090c00000| Complete 
| 117|0x0000000090d00000, 0x0000000090e00000, 0x0000000090e00000|100%| E|CS|TAMS 0x0000000090d00000, 0x0000000090d00000| Complete 
| 118|0x0000000090e00000, 0x0000000090f00000, 0x0000000090f00000|100%| E|CS|TAMS 0x0000000090e00000, 0x0000000090e00000| Complete 
| 119|0x0000000090f00000, 0x0000000091000000, 0x0000000091000000|100%| E|CS|TAMS 0x0000000090f00000, 0x0000000090f00000| Complete 

Card table byte_map: [0x000002544d170000,0x000002544d530000] _byte_map_base: 0x000002544cd24000

Marking Bits (Prev, Next): (CMBitMap*) 0x0000025435a9dcd0, (CMBitMap*) 0x0000025435a9dd10
 Prev Bits: [0x000002544d8f0000, 0x000002544f690000)
 Next Bits: [0x000002544f690000, 0x0000025451430000)

Polling page: 0x0000025433a00000

Metaspace:

Usage:
  Non-class:      5.75 MB capacity,     3.19 MB ( 56%) used,     2.56 MB ( 44%) free+waste,     4.44 KB ( <1%) overhead. 
      Class:    609.00 KB capacity,   336.77 KB ( 55%) used,   270.23 KB ( 44%) free+waste,     2.00 KB ( <1%) overhead. 
       Both:      6.35 MB capacity,     3.52 MB ( 55%) used,     2.82 MB ( 44%) free+waste,     6.44 KB ( <1%) overhead. 

Virtual space:
  Non-class space:       12.00 MB reserved,       6.00 MB ( 50%) committed 
      Class space:        1.00 GB reserved,     640.00 KB ( <1%) committed 
             Both:        1.01 GB reserved,       6.62 MB ( <1%) committed 

Chunk freelists:
   Non-Class:  61.00 KB
       Class:  31.00 KB
        Both:  92.00 KB

MaxMetaspaceSize: 17179869184.00 GB
CompressedClassSpaceSize: 1.00 GB

CodeHeap 'non-profiled nmethods': size=120000Kb used=204Kb max_used=204Kb free=119795Kb
 bounds [0x0000025445770000, 0x00000254459e0000, 0x000002544cca0000]
CodeHeap 'profiled nmethods': size=120000Kb used=924Kb max_used=924Kb free=119075Kb
 bounds [0x000002543e240000, 0x000002543e4b0000, 0x0000025445770000]
CodeHeap 'non-nmethods': size=5760Kb used=1180Kb max_used=1193Kb free=4579Kb
 bounds [0x000002543dca0000, 0x000002543df10000, 0x000002543e240000]
 total_blobs=1035 nmethods=594 adapters=354
 compilation: enabled
              stopped_count=0, restarted_count=0
 full_count=0

Compilation events (20 events):
Event: 0.240 Thread 0x0000025454acf0e0 nmethod 561% 0x00000254457a0f90 code [0x00000254457a1120, 0x00000254457a14b8]
Event: 0.243 Thread 0x0000025454acf0e0  569 %     4       java.util.Properties$LineReader::readLine @ 224 (584 bytes)
Event: 0.243 Thread 0x0000025453c2d230  570       3       java.util.Properties::loadConvert (544 bytes)
Event: 0.244 Thread 0x0000025453c2d230 nmethod 570 0x000002543e313c10 code [0x000002543e313f00, 0x000002543e3152f8]
Event: 0.245 Thread 0x0000025453c2d230  571       3       java.lang.invoke.MethodType::insertParameterTypes (121 bytes)
Event: 0.245 Thread 0x0000025453c2d230 nmethod 571 0x000002543e315910 code [0x000002543e315be0, 0x000002543e3169c8]
Event: 0.245 Thread 0x0000025453c2d230  572       3       sun.invoke.util.Wrapper::hashPrim (30 bytes)
Event: 0.246 Thread 0x0000025453c2d230 nmethod 572 0x000002543e316f10 code [0x000002543e3171a0, 0x000002543e317da8]
Event: 0.246 Thread 0x0000025453c2d230  575       3       java.lang.reflect.Modifier::isStatic (13 bytes)
Event: 0.246 Thread 0x0000025453c2d230 nmethod 575 0x000002543e318210 code [0x000002543e3183a0, 0x000002543e3184d8]
Event: 0.246 Thread 0x0000025453c2d230  573       3       sun.invoke.util.Wrapper::findPrimitiveType (25 bytes)
Event: 0.246 Thread 0x0000025453c2d230 nmethod 573 0x000002543e318590 code [0x000002543e318800, 0x000002543e3192e8]
Event: 0.246 Thread 0x0000025453c2d230  574       1       java.lang.reflect.Method::getName (5 bytes)
Event: 0.246 Thread 0x0000025453c2d230 nmethod 574 0x00000254457a1a90 code [0x00000254457a1c20, 0x00000254457a1cd8]
Event: 0.246 Thread 0x0000025453c2d230  576       1       java.lang.invoke.MethodHandles$Lookup::previousLookupClass (5 bytes)
Event: 0.246 Thread 0x0000025453c2d230 nmethod 576 0x00000254457a1d90 code [0x00000254457a1f20, 0x00000254457a1fd8]
Event: 0.246 Thread 0x0000025453c2d230  578   !   3       com.mysql.cj.conf.DefaultPropertySet::getProperty (52 bytes)
Event: 0.246 Thread 0x0000025453c2d230 nmethod 578 0x000002543e319790 code [0x000002543e319980, 0x000002543e31a0c8]
Event: 0.247 Thread 0x0000025453c2d230  579       3       java.io.InputStream::<init> (5 bytes)
Event: 0.248 Thread 0x0000025453c2d230 nmethod 579 0x000002543e31a310 code [0x000002543e31a4a0, 0x000002543e31a5f8]

GC Heap History (0 events):
No events

Deoptimization events (18 events):
Event: 0.088 Thread 0x0000025435a5e9b0 Uncommon trap: trap_request=0xffffff45 fr.pc=0x000002544577d3d8 relative=0x0000000000000678
Event: 0.088 Thread 0x0000025435a5e9b0 Uncommon trap: reason=unstable_if action=reinterpret pc=0x000002544577d3d8 method=java.util.HashMap.putVal(ILjava/lang/Object;Ljava/lang/Object;ZZ)Ljava/lang/Object; @ 69 c2
Event: 0.088 Thread 0x0000025435a5e9b0 DEOPT PACKING pc=0x000002544577d3d8 sp=0x000000580f3febb0
Event: 0.088 Thread 0x0000025435a5e9b0 DEOPT UNPACKING pc=0x000002543dcee42f sp=0x000000580f3feb50 mode 2
Event: 0.096 Thread 0x0000025435a5e9b0 Uncommon trap: trap_request=0xffffff45 fr.pc=0x000002544577f39c relative=0x000000000000007c
Event: 0.096 Thread 0x0000025435a5e9b0 Uncommon trap: reason=unstable_if action=reinterpret pc=0x000002544577f39c method=java.lang.String.charAt(I)C @ 4 c2
Event: 0.096 Thread 0x0000025435a5e9b0 DEOPT PACKING pc=0x000002544577f39c sp=0x000000580f3ff180
Event: 0.096 Thread 0x0000025435a5e9b0 DEOPT UNPACKING pc=0x000002543dcee42f sp=0x000000580f3ff120 mode 2
Event: 0.168 Thread 0x0000025435a5e9b0 DEOPT PACKING pc=0x000002543e2c38f0 sp=0x000000580f3fc300
Event: 0.168 Thread 0x0000025435a5e9b0 DEOPT UNPACKING pc=0x000002543dcee23f sp=0x000000580f3fb8b0 mode 0
Event: 0.243 Thread 0x0000025435a5e9b0 Uncommon trap: trap_request=0xffffff45 fr.pc=0x00000254457945ec relative=0x000000000000132c
Event: 0.243 Thread 0x0000025435a5e9b0 Uncommon trap: reason=unstable_if action=reinterpret pc=0x00000254457945ec method=java.lang.String.<init>([CIILjava/lang/Void;)V @ 5 c2
Event: 0.243 Thread 0x0000025435a5e9b0 DEOPT PACKING pc=0x00000254457945ec sp=0x000000580f3fd310
Event: 0.243 Thread 0x0000025435a5e9b0 DEOPT UNPACKING pc=0x000002543dcee42f sp=0x000000580f3fd1f0 mode 2
Event: 0.245 Thread 0x0000025435a5e9b0 Uncommon trap: trap_request=0xffffff45 fr.pc=0x00000254457a0d50 relative=0x0000000000000230
Event: 0.245 Thread 0x0000025435a5e9b0 Uncommon trap: reason=unstable_if action=reinterpret pc=0x00000254457a0d50 method=java.lang.String.startsWith(Ljava/lang/String;I)Z @ 14 c2
Event: 0.245 Thread 0x0000025435a5e9b0 DEOPT PACKING pc=0x00000254457a0d50 sp=0x000000580f3fdfc0
Event: 0.245 Thread 0x0000025435a5e9b0 DEOPT UNPACKING pc=0x000002543dcee42f sp=0x000000580f3fdf20 mode 2

Classes unloaded (0 events):
No events

Classes redefined (0 events):
No events

Internal exceptions (7 events):
Event: 0.100 Thread 0x0000025454757cb0 Exception <a 'java/lang/NoSuchMethodError'{0x0000000090d08968}: 'java.lang.Object java.lang.invoke.DirectMethodHandle$Holder.invokeStatic(java.lang.Object)'> (0x0000000090d08968) 
thrown [./open/src/hotspot/share/interpreter/linkResolver.cpp, line 782]
Event: 0.100 Thread 0x0000025454757cb0 Exception <a 'java/lang/NoSuchMethodError'{0x0000000090d0c278}: 'java.lang.Object java.lang.invoke.DirectMethodHandle$Holder.invokeStaticInit(java.lang.Object)'> (0x0000000090d0c278) 
thrown [./open/src/hotspot/share/interpreter/linkResolver.cpp, line 782]
Event: 0.105 Thread 0x0000025454757cb0 Exception <a 'java/lang/NoSuchMethodError'{0x0000000090d19710}: 'void java.lang.invoke.DirectMethodHandle$Holder.invokeStatic(java.lang.Object, java.lang.Object)'> (0x0000000090d19710) 
thrown [./open/src/hotspot/share/interpreter/linkResolver.cpp, line 782]
Event: 0.117 Thread 0x0000025435a5e9b0 Exception <a 'java/lang/NoSuchMethodError'{0x0000000090d829f8}: 'void java.lang.invoke.DirectMethodHandle$Holder.invokeSpecial(java.lang.Object, java.lang.Object, java.lang.Object)'> (0x0000000090d829f8) 
thrown [./open/src/hotspot/share/interpreter/linkResolver.cpp, line 782]
Event: 0.154 Thread 0x0000025435a5e9b0 Exception <a 'java/lang/NoSuchMethodError'{0x0000000090caf488}: 'java.lang.Object java.lang.invoke.DirectMethodHandle$Holder.invokeInterface(java.lang.Object, java.lang.Object)'> (0x0000000090caf488) 
thrown [./open/src/hotspot/share/interpreter/linkResolver.cpp, line 782]
Event: 0.175 Thread 0x0000025435a5e9b0 Exception <a 'java/lang/NoSuchMethodError'{0x0000000090b43380}: 'void java.lang.invoke.DirectMethodHandle$Holder.invokeStatic(java.lang.Object, java.lang.Object, java.lang.Object)'> (0x0000000090b43380) 
thrown [./open/src/hotspot/share/interpreter/linkResolver.cpp, line 782]
Event: 0.176 Thread 0x0000025435a5e9b0 Exception <a 'java/lang/NoSuchMethodError'{0x0000000090b4e030}: 'java.lang.Object java.lang.invoke.DirectMethodHandle$Holder.invokeVirtual(java.lang.Object, java.lang.Object, java.lang.Object)'> (0x0000000090b4e030) 
thrown [./open/src/hotspot/share/interpreter/linkResolver.cpp, line 782]

Events (20 events):
Event: 0.246 loading class java/net/StandardSocketOptions$StdSocketOption
Event: 0.246 loading class java/net/StandardSocketOptions$StdSocketOption done
Event: 0.246 loading class sun/nio/ch/SocketOptionRegistry
Event: 0.246 loading class sun/nio/ch/SocketOptionRegistry done
Event: 0.246 loading class sun/nio/ch/SocketOptionRegistry$RegistryKey
Event: 0.246 loading class sun/nio/ch/SocketOptionRegistry$RegistryKey done
Event: 0.246 loading class sun/nio/ch/SocketOptionRegistry$LazyInitialization
Event: 0.246 loading class sun/nio/ch/SocketOptionRegistry$LazyInitialization done
Event: 0.246 loading class sun/nio/ch/OptionKey
Event: 0.246 loading class sun/nio/ch/OptionKey done
Event: 0.246 loading class sun/nio/ch/ExtendedSocketOption
Event: 0.246 loading class sun/nio/ch/ExtendedSocketOption done
Event: 0.246 loading class sun/nio/ch/ExtendedSocketOption$1
Event: 0.246 loading class sun/nio/ch/ExtendedSocketOption$1 done
Event: 0.247 loading class java/io/EOFException
Event: 0.247 loading class java/io/EOFException done
Event: 0.247 loading class java/net/Socket$SocketOutputStream
Event: 0.247 loading class java/net/Socket$SocketOutputStream done
Event: 0.247 loading class sun/nio/ch/NioSocketImpl$2
Event: 0.247 loading class sun/nio/ch/NioSocketImpl$2 done


Dynamic libraries:
0x00007ff63c400000 - 0x00007ff63c40d000 	C:\Users\Lavinia\.jdks\openjdk-15.0.2\bin\java.exe
0x00007ff9a92d0000 - 0x00007ff9a94c5000 	C:\Windows\SYSTEM32\ntdll.dll
0x00007ff9a7f50000 - 0x00007ff9a800e000 	C:\Windows\System32\KERNEL32.DLL
0x00007ff9a6e90000 - 0x00007ff9a7159000 	C:\Windows\System32\KERNELBASE.dll
0x00007ff9a6c30000 - 0x00007ff9a6d30000 	C:\Windows\System32\ucrtbase.dll
0x00007ff9a0cf0000 - 0x00007ff9a0d09000 	C:\Users\Lavinia\.jdks\openjdk-15.0.2\bin\VCRUNTIME140.dll
0x00007ff9a1370000 - 0x00007ff9a1388000 	C:\Users\Lavinia\.jdks\openjdk-15.0.2\bin\jli.dll
0x00007ff9a8140000 - 0x00007ff9a82e1000 	C:\Windows\System32\USER32.dll
0x00007ff9a72f0000 - 0x00007ff9a7312000 	C:\Windows\System32\win32u.dll
0x00007ff996a10000 - 0x00007ff996caa000 	C:\Windows\WinSxS\amd64_microsoft.windows.common-controls_6595b64144ccf1df_6.0.19041.1110_none_60b5254171f9507e\COMCTL32.dll
0x00007ff9a7640000 - 0x00007ff9a766b000 	C:\Windows\System32\GDI32.dll
0x00007ff9a80a0000 - 0x00007ff9a813e000 	C:\Windows\System32\msvcrt.dll
0x00007ff9a6d80000 - 0x00007ff9a6e8b000 	C:\Windows\System32\gdi32full.dll
0x00007ff9a6b90000 - 0x00007ff9a6c2d000 	C:\Windows\System32\msvcp_win.dll
0x00007ff9a91a0000 - 0x00007ff9a91d0000 	C:\Windows\System32\IMM32.DLL
0x00007ff9a13a0000 - 0x00007ff9a13ac000 	C:\Users\Lavinia\.jdks\openjdk-15.0.2\bin\vcruntime140_1.dll
0x00007ff99f730000 - 0x00007ff99f7c1000 	C:\Users\Lavinia\.jdks\openjdk-15.0.2\bin\msvcp140.dll
0x00007ff9819d0000 - 0x00007ff98252e000 	C:\Users\Lavinia\.jdks\openjdk-15.0.2\bin\server\jvm.dll
0x00007ff9a7900000 - 0x00007ff9a79ac000 	C:\Windows\System32\ADVAPI32.dll
0x00007ff9a8830000 - 0x00007ff9a88cb000 	C:\Windows\System32\sechost.dll
0x00007ff9a82f0000 - 0x00007ff9a841a000 	C:\Windows\System32\RPCRT4.dll
0x00007ff9a90c0000 - 0x00007ff9a90c8000 	C:\Windows\System32\PSAPI.DLL
0x00007ff9a2680000 - 0x00007ff9a2689000 	C:\Windows\SYSTEM32\WSOCK32.dll
0x00007ff99d6c0000 - 0x00007ff99d6e7000 	C:\Windows\SYSTEM32\WINMM.dll
0x00007ff9a9130000 - 0x00007ff9a919b000 	C:\Windows\System32\WS2_32.dll
0x00007ff99d530000 - 0x00007ff99d53a000 	C:\Windows\SYSTEM32\VERSION.dll
0x00007ff9a48f0000 - 0x00007ff9a4902000 	C:\Windows\SYSTEM32\kernel.appcore.dll
0x00007ff9a0220000 - 0x00007ff9a022a000 	C:\Users\Lavinia\.jdks\openjdk-15.0.2\bin\jimage.dll
0x00007ff995970000 - 0x00007ff995b54000 	C:\Windows\SYSTEM32\DBGHELP.DLL
0x00007ff996e30000 - 0x00007ff996e5c000 	C:\Windows\SYSTEM32\dbgcore.DLL
0x00007ff9a69f0000 - 0x00007ff9a6a73000 	C:\Windows\System32\bcryptPrimitives.dll
0x00007ff9a0210000 - 0x00007ff9a021e000 	C:\Users\Lavinia\.jdks\openjdk-15.0.2\bin\instrument.dll
0x00007ff99f700000 - 0x00007ff99f725000 	C:\Users\Lavinia\.jdks\openjdk-15.0.2\bin\java.dll
0x00007ff9a8980000 - 0x00007ff9a90bf000 	C:\Windows\System32\SHELL32.dll
0x00007ff9a4af0000 - 0x00007ff9a5280000 	C:\Windows\SYSTEM32\windows.storage.dll
0x00007ff9a84b0000 - 0x00007ff9a8805000 	C:\Windows\System32\combase.dll
0x00007ff9a63d0000 - 0x00007ff9a63fc000 	C:\Windows\SYSTEM32\Wldp.dll
0x00007ff9a88d0000 - 0x00007ff9a897e000 	C:\Windows\System32\SHCORE.dll
0x00007ff9a91d0000 - 0x00007ff9a9225000 	C:\Windows\System32\shlwapi.dll
0x00007ff9a6930000 - 0x00007ff9a694f000 	C:\Windows\SYSTEM32\profapi.dll
0x00007ff99f6c0000 - 0x00007ff99f6d8000 	C:\Users\Lavinia\.jdks\openjdk-15.0.2\bin\zip.dll
0x00007ff99fe50000 - 0x00007ff99fe69000 	C:\Users\Lavinia\.jdks\openjdk-15.0.2\bin\net.dll
0x00007ff998360000 - 0x00007ff998468000 	C:\Windows\SYSTEM32\WINHTTP.dll
0x00007ff9a60d0000 - 0x00007ff9a613a000 	C:\Windows\system32\mswsock.dll
0x00007ff99f6e0000 - 0x00007ff99f6f2000 	C:\Users\Lavinia\.jdks\openjdk-15.0.2\bin\nio.dll
0x00007ff99f680000 - 0x00007ff99f69a000 	C:\Program Files\JetBrains\IntelliJ IDEA 2021.2\bin\breakgen64.dll
0x00007ff9a5e00000 - 0x00007ff9a5ecc000 	C:\Windows\SYSTEM32\DNSAPI.dll
0x00007ff9a5dc0000 - 0x00007ff9a5dfb000 	C:\Windows\SYSTEM32\IPHLPAPI.DLL
0x00007ff9a8420000 - 0x00007ff9a8428000 	C:\Windows\System32\NSI.dll
0x00007ff9982c0000 - 0x00007ff9982ca000 	C:\Windows\System32\rasadhlp.dll
0x00007ff9982e0000 - 0x00007ff99835f000 	C:\Windows\System32\fwpuclnt.dll
0x00007ff9a72c0000 - 0x00007ff9a72e7000 	C:\Windows\System32\bcrypt.dll

dbghelp: loaded successfully - version: 4.0.5 - missing functions: none
symbol engine: initialized successfully - sym options: 0x614 - pdb path: .;C:\Users\Lavinia\.jdks\openjdk-15.0.2\bin;C:\Windows\SYSTEM32;C:\Windows\WinSxS\amd64_microsoft.windows.common-controls_6595b64144ccf1df_6.0.19041.1110_none_60b5254171f9507e;C:\Users\Lavinia\.jdks\openjdk-15.0.2\bin\server;C:\Program Files\JetBrains\IntelliJ IDEA 2021.2\bin

VM Arguments:
jvm_args: -javaagent:C:\Program Files\JetBrains\IntelliJ IDEA 2021.2\lib\idea_rt.jar=54460:C:\Program Files\JetBrains\IntelliJ IDEA 2021.2\bin -Dfile.encoding=UTF-8 
java_command: App
java_class_path (initial): D:\Web\JavaBasics\OOP\Online_School\target\classes;C:\Users\Lavinia\.m2\repository\org\projectlombok\lombok\1.18.20\lombok-1.18.20.jar;C:\Users\Lavinia\.m2\repository\mysql\mysql-connector-java\8.0.25\mysql-connector-java-8.0.25.jar;C:\Users\Lavinia\.m2\repository\com\google\protobuf\protobuf-java\3.11.4\protobuf-java-3.11.4.jar
Launcher Type: SUN_STANDARD

[Global flags]
     intx CICompilerCount                          = 3                                         {product} {ergonomic}
     uint ConcGCThreads                            = 2                                         {product} {ergonomic}
     uint G1ConcRefinementThreads                  = 6                                         {product} {ergonomic}
   size_t G1HeapRegionSize                         = 1048576                                   {product} {ergonomic}
    uintx GCDrainStackTargetSize                   = 64                                        {product} {ergonomic}
   size_t InitialHeapSize                          = 125829120                                 {product} {ergonomic}
   size_t MarkStackSize                            = 4194304                                   {product} {ergonomic}
   size_t MaxHeapSize                              = 1988100096                                {product} {ergonomic}
   size_t MaxNewSize                               = 1192230912                                {product} {ergonomic}
   size_t MinHeapDeltaBytes                        = 1048576                                   {product} {ergonomic}
   size_t MinHeapSize                              = 8388608                                   {product} {ergonomic}
    uintx NonNMethodCodeHeapSize                   = 5832780                                {pd product} {ergonomic}
    uintx NonProfiledCodeHeapSize                  = 122912730                              {pd product} {ergonomic}
    uintx ProfiledCodeHeapSize                     = 122912730                              {pd product} {ergonomic}
    uintx ReservedCodeCacheSize                    = 251658240                              {pd product} {ergonomic}
     bool SegmentedCodeCache                       = true                                      {product} {ergonomic}
   size_t SoftMaxHeapSize                          = 1988100096                             {manageable} {ergonomic}
     bool UseCompressedClassPointers               = true                                 {lp64_product} {ergonomic}
     bool UseCompressedOops                        = true                                 {lp64_product} {ergonomic}
     bool UseG1GC                                  = true                                      {product} {ergonomic}
     bool UseLargePagesIndividualAllocation        = false                                  {pd product} {ergonomic}

Logging:
Log output configuration:
 #0: stdout all=warning uptime,level,tags
 #1: stderr all=off uptime,level,tags

Environment Variables:
PATH=C:\Windows\system32;C:\Windows;C:\Windows\System32\Wbem;C:\Windows\System32\WindowsPowerShell\v1.0\;C:\Windows\System32\OpenSSH\;C:\Xilinx92i\bin\nt;C:\Program Files\Microsoft SQL Server\120\Tools\Binn\;C:\Program Files\Git\cmd;C:\Program Files\MySQL\MySQL Shell 8.0\bin\;C:\Users\Lavinia\AppData\Local\Microsoft\WindowsApps;;C:\OJI\FP\bin\i386-Win32;C:\Modeltech_xe_starter\win32xoem;C:\Users\Lavinia\AppData\Local\Programs\Microsoft VS Code\bin
USERNAME=Lavinia
OS=Windows_NT
PROCESSOR_IDENTIFIER=AMD64 Family 23 Model 96 Stepping 1, AuthenticAMD



---------------  S Y S T E M  ---------------

OS:
 Windows 10 , 64 bit Build 19041 (10.0.19041.1202)
OS uptime: 12 days 22:26 hours

CPU: total 6 (initial active 6) (6 cores per cpu, 1 threads per core) family 23 model 96 stepping 1 microcode 0x0, cmov, cx8, fxsr, mmx, sse, sse2, sse3, ssse3, sse4.1, sse4.2, popcnt, vzeroupper, avx, avx2, aes, clmul, 3dnowpref, lzcnt, sse4a, tsc, tscinvbit, tscinv, bmi1, bmi2, adx, sha, fma, clflush, clflushopt

Memory: 4k page, system-wide physical 7579M (817M free)
TotalPageFile size 7579M (AvailPageFile size 5M)
current process WorkingSet (physical memory assigned to process): 49M, peak: 49M
current process commit charge ("private bytes"): 208M, peak: 208M

vm_info: OpenJDK 64-Bit Server VM (15.0.2+7-27) for windows-amd64 JRE (15.0.2+7-27), built on Dec  7 2020 20:02:38 by "mach5one" with unknown MS VC++:1925

END.
